{"numTotalTestSuites":183,"numPassedTestSuites":183,"numFailedTestSuites":0,"numPendingTestSuites":0,"numTotalTests":513,"numPassedTests":513,"numFailedTests":0,"numPendingTests":0,"numTodoTests":0,"snapshot":{"added":0,"failure":false,"filesAdded":0,"filesRemoved":0,"filesRemovedList":[],"filesUnmatched":0,"filesUpdated":0,"matched":0,"total":0,"unchecked":0,"uncheckedKeysByFile":[],"unmatched":0,"updated":0,"didUpdate":false},"startTime":1768188675122,"success":true,"testResults":[{"assertionResults":[{"ancestorTitles":["Project Setup"],"fullName":"Project Setup Phaser is available","status":"passed","title":"Phaser is available","duration":1.631309999999985,"failureMessages":[],"meta":{}},{"ancestorTitles":["Project Setup"],"fullName":"Project Setup React is available","status":"passed","title":"React is available","duration":0.2583469999999579,"failureMessages":[],"meta":{}}],"startTime":1768188680403,"endTime":1768188680404.6313,"status":"passed","message":"","name":"/home/mtomcal/code/stick-rumble-worktrees/stick-rumble-b05/stick-rumble-client/tests/setup.test.ts"},{"assertionResults":[{"ancestorTitles":["App"],"fullName":"App should render the main app container","status":"passed","title":"should render the main app container","duration":82.49930900000027,"failureMessages":[],"meta":{}},{"ancestorTitles":["App"],"fullName":"App should render the game title","status":"passed","title":"should render the game title","duration":43.972741999999926,"failureMessages":[],"meta":{}},{"ancestorTitles":["App"],"fullName":"App should render title as h1 element","status":"passed","title":"should render title as h1 element","duration":365.8165019999997,"failureMessages":[],"meta":{}},{"ancestorTitles":["App"],"fullName":"App should render title with centered text alignment","status":"passed","title":"should render title with centered text alignment","duration":105.89911699999993,"failureMessages":[],"meta":{}},{"ancestorTitles":["App"],"fullName":"App should render title with white color","status":"passed","title":"should render title with white color","duration":123.56555800000024,"failureMessages":[],"meta":{}},{"ancestorTitles":["App"],"fullName":"App should render PhaserGame component","status":"passed","title":"should render PhaserGame component","duration":8.55674799999997,"failureMessages":[],"meta":{}},{"ancestorTitles":["App"],"fullName":"App should render components in correct order","status":"passed","title":"should render components in correct order","duration":10.034755000000132,"failureMessages":[],"meta":{}},{"ancestorTitles":["App","Match End Integration"],"fullName":"App Match End Integration should not show match end screen initially","status":"passed","title":"should not show match end screen initially","duration":6.698311000000103,"failureMessages":[],"meta":{}},{"ancestorTitles":["App","Match End Integration"],"fullName":"App Match End Integration should show match end screen when match ends","status":"passed","title":"should show match end screen when match ends","duration":17.234745000000203,"failureMessages":[],"meta":{}},{"ancestorTitles":["App","Match End Integration"],"fullName":"App Match End Integration should close match end screen when close is called","status":"passed","title":"should close match end screen when close is called","duration":22.221566000000166,"failureMessages":[],"meta":{}}],"startTime":1768188677337,"endTime":1768188678124.2217,"status":"passed","message":"","name":"/home/mtomcal/code/stick-rumble-worktrees/stick-rumble-b05/stick-rumble-client/src/App.test.tsx"},{"assertionResults":[{"ancestorTitles":["WEAPON constants","PISTOL_DAMAGE"],"fullName":"WEAPON constants PISTOL_DAMAGE should equal 25 to match server PistolDamage constant","status":"passed","title":"should equal 25 to match server PistolDamage constant","duration":1.9423879999999372,"failureMessages":[],"meta":{}},{"ancestorTitles":["WEAPON constants","PISTOL_DAMAGE"],"fullName":"WEAPON constants PISTOL_DAMAGE should result in 4 shots to kill at 100 health","status":"passed","title":"should result in 4 shots to kill at 100 health","duration":0.35235499999998865,"failureMessages":[],"meta":{}},{"ancestorTitles":["WEAPON constants","PISTOL_MAGAZINE_SIZE"],"fullName":"WEAPON constants PISTOL_MAGAZINE_SIZE should equal 15 rounds","status":"passed","title":"should equal 15 rounds","duration":0.373937000000069,"failureMessages":[],"meta":{}},{"ancestorTitles":["WEAPON constants","PISTOL_FIRE_RATE"],"fullName":"WEAPON constants PISTOL_FIRE_RATE should equal 3 rounds per second","status":"passed","title":"should equal 3 rounds per second","duration":0.347814999999855,"failureMessages":[],"meta":{}},{"ancestorTitles":["WEAPON constants","PISTOL_RELOAD_TIME"],"fullName":"WEAPON constants PISTOL_RELOAD_TIME should equal 1500ms (1.5 seconds)","status":"passed","title":"should equal 1500ms (1.5 seconds)","duration":0.30563099999994847,"failureMessages":[],"meta":{}}],"startTime":1768188679846,"endTime":1768188679849.374,"status":"passed","message":"","name":"/home/mtomcal/code/stick-rumble-worktrees/stick-rumble-b05/stick-rumble-client/src/shared/constants.test.ts"},{"assertionResults":[{"ancestorTitles":["GameConfig"],"fullName":"GameConfig should have correct game dimensions","status":"passed","title":"should have correct game dimensions","duration":1.9895329999999376,"failureMessages":[],"meta":{}},{"ancestorTitles":["GameConfig"],"fullName":"GameConfig should use AUTO render type","status":"passed","title":"should use AUTO render type","duration":0.3493519999999535,"failureMessages":[],"meta":{}},{"ancestorTitles":["GameConfig"],"fullName":"GameConfig should target game-container parent element","status":"passed","title":"should target game-container parent element","duration":0.28027799999995295,"failureMessages":[],"meta":{}},{"ancestorTitles":["GameConfig"],"fullName":"GameConfig should have correct background color","status":"passed","title":"should have correct background color","duration":0.24759100000005674,"failureMessages":[],"meta":{}},{"ancestorTitles":["GameConfig"],"fullName":"GameConfig should configure arcade physics","status":"passed","title":"should configure arcade physics","duration":0.28998599999999897,"failureMessages":[],"meta":{}},{"ancestorTitles":["GameConfig"],"fullName":"GameConfig should have zero gravity by default","status":"passed","title":"should have zero gravity by default","duration":0.22614900000007765,"failureMessages":[],"meta":{}},{"ancestorTitles":["GameConfig"],"fullName":"GameConfig should have debug disabled in physics","status":"passed","title":"should have debug disabled in physics","duration":0.15442200000006778,"failureMessages":[],"meta":{}},{"ancestorTitles":["GameConfig"],"fullName":"GameConfig should include GameScene in scene array","status":"passed","title":"should include GameScene in scene array","duration":0.3096820000000662,"failureMessages":[],"meta":{}},{"ancestorTitles":["GameConfig"],"fullName":"GameConfig should have FIT scale mode","status":"passed","title":"should have FIT scale mode","duration":0.37728900000001886,"failureMessages":[],"meta":{}},{"ancestorTitles":["GameConfig"],"fullName":"GameConfig should center game on both axes","status":"passed","title":"should center game on both axes","duration":0.28446899999994457,"failureMessages":[],"meta":{}},{"ancestorTitles":["GameConfig"],"fullName":"GameConfig should be a valid Phaser game config","status":"passed","title":"should be a valid Phaser game config","duration":0.4881289999998444,"failureMessages":[],"meta":{}}],"startTime":1768188680072,"endTime":1768188680077.488,"status":"passed","message":"","name":"/home/mtomcal/code/stick-rumble-worktrees/stick-rumble-b05/stick-rumble-client/src/game/config/GameConfig.test.ts"},{"assertionResults":[{"ancestorTitles":["PlayerManager","constructor"],"fullName":"PlayerManager constructor should initialize without errors","status":"passed","title":"should initialize without errors","duration":2.9140370000000075,"failureMessages":[],"meta":{}},{"ancestorTitles":["PlayerManager","setLocalPlayerId"],"fullName":"PlayerManager setLocalPlayerId should set the local player ID","status":"passed","title":"should set the local player ID","duration":0.8328010000000177,"failureMessages":[],"meta":{}},{"ancestorTitles":["PlayerManager","updatePlayers"],"fullName":"PlayerManager updatePlayers should handle null scene.add gracefully","status":"passed","title":"should handle null scene.add gracefully","duration":5.154023999999936,"failureMessages":[],"meta":{}},{"ancestorTitles":["PlayerManager","updatePlayers"],"fullName":"PlayerManager updatePlayers should create player sprites for new players","status":"passed","title":"should create player sprites for new players","duration":5.9595180000001164,"failureMessages":[],"meta":{}},{"ancestorTitles":["PlayerManager","updatePlayers"],"fullName":"PlayerManager updatePlayers should create local player with green color (0x00ff00)","status":"passed","title":"should create local player with green color (0x00ff00)","duration":0.9157040000000052,"failureMessages":[],"meta":{}},{"ancestorTitles":["PlayerManager","updatePlayers"],"fullName":"PlayerManager updatePlayers should create remote player with red color (0xff0000)","status":"passed","title":"should create remote player with red color (0xff0000)","duration":0.9384030000001076,"failureMessages":[],"meta":{}},{"ancestorTitles":["PlayerManager","updatePlayers"],"fullName":"PlayerManager updatePlayers should add \"You\" label for local player","status":"passed","title":"should add \"You\" label for local player","duration":1.2278300000002673,"failureMessages":[],"meta":{}},{"ancestorTitles":["PlayerManager","updatePlayers"],"fullName":"PlayerManager updatePlayers should add \"Player\" label for remote player","status":"passed","title":"should add \"Player\" label for remote player","duration":0.9755589999999756,"failureMessages":[],"meta":{}},{"ancestorTitles":["PlayerManager","updatePlayers"],"fullName":"PlayerManager updatePlayers should update existing player positions","status":"passed","title":"should update existing player positions","duration":1.004055000000335,"failureMessages":[],"meta":{}},{"ancestorTitles":["PlayerManager","updatePlayers"],"fullName":"PlayerManager updatePlayers should update label positions when player moves","status":"passed","title":"should update label positions when player moves","duration":0.9831720000001951,"failureMessages":[],"meta":{}},{"ancestorTitles":["PlayerManager","updatePlayers"],"fullName":"PlayerManager updatePlayers should remove players that no longer exist","status":"passed","title":"should remove players that no longer exist","duration":1.3400669999996353,"failureMessages":[],"meta":{}},{"ancestorTitles":["PlayerManager","updatePlayers"],"fullName":"PlayerManager updatePlayers should handle multiple players","status":"passed","title":"should handle multiple players","duration":1.2957170000004226,"failureMessages":[],"meta":{}},{"ancestorTitles":["PlayerManager","updatePlayers"],"fullName":"PlayerManager updatePlayers should not create duplicate sprites for same player","status":"passed","title":"should not create duplicate sprites for same player","duration":0.9151449999999386,"failureMessages":[],"meta":{}},{"ancestorTitles":["PlayerManager","updatePlayers"],"fullName":"PlayerManager updatePlayers should handle empty player list","status":"passed","title":"should handle empty player list","duration":1.4734659999999167,"failureMessages":[],"meta":{}},{"ancestorTitles":["PlayerManager","destroy"],"fullName":"PlayerManager destroy should destroy all player sprites","status":"passed","title":"should destroy all player sprites","duration":1.305286000000251,"failureMessages":[],"meta":{}},{"ancestorTitles":["PlayerManager","destroy"],"fullName":"PlayerManager destroy should destroy all player labels","status":"passed","title":"should destroy all player labels","duration":6.274717000000237,"failureMessages":[],"meta":{}},{"ancestorTitles":["PlayerManager","destroy"],"fullName":"PlayerManager destroy should handle destroy when no players exist","status":"passed","title":"should handle destroy when no players exist","duration":0.7183290000002671,"failureMessages":[],"meta":{}},{"ancestorTitles":["PlayerManager","aim indicator"],"fullName":"PlayerManager aim indicator should create aim indicator line for new players","status":"passed","title":"should create aim indicator line for new players","duration":1.173772000000099,"failureMessages":[],"meta":{}},{"ancestorTitles":["PlayerManager","aim indicator"],"fullName":"PlayerManager aim indicator should update aim indicator based on aim angle","status":"passed","title":"should update aim indicator based on aim angle","duration":3.7316820000000916,"failureMessages":[],"meta":{}},{"ancestorTitles":["PlayerManager","aim indicator"],"fullName":"PlayerManager aim indicator should update aim indicator when aim angle changes","status":"passed","title":"should update aim indicator when aim angle changes","duration":1.183549999999741,"failureMessages":[],"meta":{}},{"ancestorTitles":["PlayerManager","aim indicator"],"fullName":"PlayerManager aim indicator should destroy aim indicator when player is removed","status":"passed","title":"should destroy aim indicator when player is removed","duration":0.9022249999998166,"failureMessages":[],"meta":{}},{"ancestorTitles":["PlayerManager","aim indicator"],"fullName":"PlayerManager aim indicator should handle players without aim angle (defaults to 0)","status":"passed","title":"should handle players without aim angle (defaults to 0)","duration":1.269666000000143,"failureMessages":[],"meta":{}},{"ancestorTitles":["PlayerManager","aim indicator"],"fullName":"PlayerManager aim indicator should destroy aim indicators on manager destroy","status":"passed","title":"should destroy aim indicators on manager destroy","duration":1.106025999999929,"failureMessages":[],"meta":{}},{"ancestorTitles":["PlayerManager","death state"],"fullName":"PlayerManager death state should mark player as dead when deathTime is provided","status":"passed","title":"should mark player as dead when deathTime is provided","duration":1.4159859999999753,"failureMessages":[],"meta":{}},{"ancestorTitles":["PlayerManager","death state"],"fullName":"PlayerManager death state should apply death visual effects (fade + gray) to dead players","status":"passed","title":"should apply death visual effects (fade + gray) to dead players","duration":1.2816790000001674,"failureMessages":[],"meta":{}},{"ancestorTitles":["PlayerManager","death state"],"fullName":"PlayerManager death state should restore visual effects when player respawns","status":"passed","title":"should restore visual effects when player respawns","duration":1.221824000000197,"failureMessages":[],"meta":{}},{"ancestorTitles":["PlayerManager","death state"],"fullName":"PlayerManager death state should return list of living players excluding dead ones","status":"passed","title":"should return list of living players excluding dead ones","duration":4.408666000000267,"failureMessages":[],"meta":{}},{"ancestorTitles":["PlayerManager","death state"],"fullName":"PlayerManager death state should return empty array when no living players exist","status":"passed","title":"should return empty array when no living players exist","duration":1.2944600000000719,"failureMessages":[],"meta":{}},{"ancestorTitles":["PlayerManager","death state"],"fullName":"PlayerManager death state should check if local player is dead","status":"passed","title":"should check if local player is dead","duration":1.0792759999999362,"failureMessages":[],"meta":{}},{"ancestorTitles":["PlayerManager","death state"],"fullName":"PlayerManager death state should return false for isLocalPlayerDead when no local player","status":"passed","title":"should return false for isLocalPlayerDead when no local player","duration":0.4539759999997841,"failureMessages":[],"meta":{}},{"ancestorTitles":["PlayerManager","getLocalPlayerSprite"],"fullName":"PlayerManager getLocalPlayerSprite should return null when no local player ID is set","status":"passed","title":"should return null when no local player ID is set","duration":0.6521889999999075,"failureMessages":[],"meta":{}},{"ancestorTitles":["PlayerManager","getLocalPlayerSprite"],"fullName":"PlayerManager getLocalPlayerSprite should return null when local player sprite does not exist","status":"passed","title":"should return null when local player sprite does not exist","duration":0.5150180000000546,"failureMessages":[],"meta":{}},{"ancestorTitles":["PlayerManager","getLocalPlayerSprite"],"fullName":"PlayerManager getLocalPlayerSprite should return the local player sprite when it exists","status":"passed","title":"should return the local player sprite when it exists","duration":0.9425239999995938,"failureMessages":[],"meta":{}},{"ancestorTitles":["PlayerManager","getLocalPlayerSprite"],"fullName":"PlayerManager getLocalPlayerSprite should return null after local player is removed","status":"passed","title":"should return null after local player is removed","duration":0.9231079999999565,"failureMessages":[],"meta":{}},{"ancestorTitles":["PlayerManager","updateLocalPlayerAim"],"fullName":"PlayerManager updateLocalPlayerAim should update local player aim indicator immediately","status":"passed","title":"should update local player aim indicator immediately","duration":1.060418000000027,"failureMessages":[],"meta":{}},{"ancestorTitles":["PlayerManager","updateLocalPlayerAim"],"fullName":"PlayerManager updateLocalPlayerAim should do nothing if local player ID is not set","status":"passed","title":"should do nothing if local player ID is not set","duration":7.69202899999982,"failureMessages":[],"meta":{}},{"ancestorTitles":["PlayerManager","updateLocalPlayerAim"],"fullName":"PlayerManager updateLocalPlayerAim should do nothing if local player does not exist","status":"passed","title":"should do nothing if local player does not exist","duration":0.6498839999999291,"failureMessages":[],"meta":{}},{"ancestorTitles":["PlayerManager","updateLocalPlayerAim"],"fullName":"PlayerManager updateLocalPlayerAim should correctly calculate aim line end position for different angles","status":"passed","title":"should correctly calculate aim line end position for different angles","duration":1.3078699999996388,"failureMessages":[],"meta":{}},{"ancestorTitles":["PlayerManager","getPlayerPosition"],"fullName":"PlayerManager getPlayerPosition should return player position when player exists","status":"passed","title":"should return player position when player exists","duration":1.3732419999996637,"failureMessages":[],"meta":{}},{"ancestorTitles":["PlayerManager","getPlayerPosition"],"fullName":"PlayerManager getPlayerPosition should return null when player does not exist","status":"passed","title":"should return null when player does not exist","duration":1.1986369999999624,"failureMessages":[],"meta":{}},{"ancestorTitles":["PlayerManager","getPlayerPosition"],"fullName":"PlayerManager getPlayerPosition should return null when no players exist","status":"passed","title":"should return null when no players exist","duration":0.4699000000000524,"failureMessages":[],"meta":{}},{"ancestorTitles":["PlayerManager","edge cases - missing label/aim indicator"],"fullName":"PlayerManager edge cases - missing label/aim indicator should handle missing label during player removal","status":"passed","title":"should handle missing label during player removal","duration":1.0912880000000769,"failureMessages":[],"meta":{}},{"ancestorTitles":["PlayerManager","edge cases - missing label/aim indicator"],"fullName":"PlayerManager edge cases - missing label/aim indicator should handle missing aim indicator during player removal","status":"passed","title":"should handle missing aim indicator during player removal","duration":1.0912889999999607,"failureMessages":[],"meta":{}},{"ancestorTitles":["PlayerManager","edge cases - missing label/aim indicator"],"fullName":"PlayerManager edge cases - missing label/aim indicator should handle missing label during position update","status":"passed","title":"should handle missing label during position update","duration":1.1312379999999393,"failureMessages":[],"meta":{}},{"ancestorTitles":["PlayerManager","edge cases - missing label/aim indicator"],"fullName":"PlayerManager edge cases - missing label/aim indicator should handle missing aim indicator during angle update","status":"passed","title":"should handle missing aim indicator during angle update","duration":1.0546220000001085,"failureMessages":[],"meta":{}}],"startTime":1768188677329,"endTime":1768188677408.0547,"status":"passed","message":"","name":"/home/mtomcal/code/stick-rumble-worktrees/stick-rumble-b05/stick-rumble-client/src/game/entities/PlayerManager.test.ts"},{"assertionResults":[{"ancestorTitles":["ProjectileManager","initialization"],"fullName":"ProjectileManager initialization should start with no projectiles","status":"passed","title":"should start with no projectiles","duration":12.169419999999946,"failureMessages":[],"meta":{}},{"ancestorTitles":["ProjectileManager","spawnProjectile"],"fullName":"ProjectileManager spawnProjectile should create a projectile sprite","status":"passed","title":"should create a projectile sprite","duration":6.1518630000000485,"failureMessages":[],"meta":{}},{"ancestorTitles":["ProjectileManager","spawnProjectile"],"fullName":"ProjectileManager spawnProjectile should create projectile with correct size","status":"passed","title":"should create projectile with correct size","duration":6.0322929999999815,"failureMessages":[],"meta":{}},{"ancestorTitles":["ProjectileManager","spawnProjectile"],"fullName":"ProjectileManager spawnProjectile should not create duplicate projectiles with same ID","status":"passed","title":"should not create duplicate projectiles with same ID","duration":1.8800189999999475,"failureMessages":[],"meta":{}},{"ancestorTitles":["ProjectileManager","spawnProjectile"],"fullName":"ProjectileManager spawnProjectile should create bullet tracer line","status":"passed","title":"should create bullet tracer line","duration":1.382810999999947,"failureMessages":[],"meta":{}},{"ancestorTitles":["ProjectileManager","update"],"fullName":"ProjectileManager update should move projectiles based on velocity","status":"passed","title":"should move projectiles based on velocity","duration":2.144512000000077,"failureMessages":[],"meta":{}},{"ancestorTitles":["ProjectileManager","update"],"fullName":"ProjectileManager update should update projectile sprite position","status":"passed","title":"should update projectile sprite position","duration":1.4623610000001008,"failureMessages":[],"meta":{}},{"ancestorTitles":["ProjectileManager","update"],"fullName":"ProjectileManager update should remove projectiles that are out of bounds","status":"passed","title":"should remove projectiles that are out of bounds","duration":1.3924489999999423,"failureMessages":[],"meta":{}},{"ancestorTitles":["ProjectileManager","update"],"fullName":"ProjectileManager update should remove projectiles that exceed max lifetime","status":"passed","title":"should remove projectiles that exceed max lifetime","duration":3.1822310000000016,"failureMessages":[],"meta":{}},{"ancestorTitles":["ProjectileManager","removeProjectile"],"fullName":"ProjectileManager removeProjectile should remove a specific projectile by ID","status":"passed","title":"should remove a specific projectile by ID","duration":1.8882610000000568,"failureMessages":[],"meta":{}},{"ancestorTitles":["ProjectileManager","removeProjectile"],"fullName":"ProjectileManager removeProjectile should destroy the projectile sprite","status":"passed","title":"should destroy the projectile sprite","duration":1.487923000000137,"failureMessages":[],"meta":{}},{"ancestorTitles":["ProjectileManager","removeProjectile"],"fullName":"ProjectileManager removeProjectile should handle removing non-existent projectile gracefully","status":"passed","title":"should handle removing non-existent projectile gracefully","duration":2.2720449999999346,"failureMessages":[],"meta":{}},{"ancestorTitles":["ProjectileManager","removeProjectile"],"fullName":"ProjectileManager removeProjectile should destroy tracer when it is inactive","status":"passed","title":"should destroy tracer when it is inactive","duration":1.887283000000025,"failureMessages":[],"meta":{}},{"ancestorTitles":["ProjectileManager","removeProjectile"],"fullName":"ProjectileManager removeProjectile should not destroy tracer when it is still active","status":"passed","title":"should not destroy tracer when it is still active","duration":1.3189050000000861,"failureMessages":[],"meta":{}},{"ancestorTitles":["ProjectileManager","getProjectile"],"fullName":"ProjectileManager getProjectile should return projectile data by ID","status":"passed","title":"should return projectile data by ID","duration":1.4681590000000142,"failureMessages":[],"meta":{}},{"ancestorTitles":["ProjectileManager","getProjectile"],"fullName":"ProjectileManager getProjectile should return undefined for non-existent projectile","status":"passed","title":"should return undefined for non-existent projectile","duration":1.0053129999998873,"failureMessages":[],"meta":{}},{"ancestorTitles":["ProjectileManager","destroy"],"fullName":"ProjectileManager destroy should remove all projectiles","status":"passed","title":"should remove all projectiles","duration":1.4542599999999766,"failureMessages":[],"meta":{}},{"ancestorTitles":["ProjectileManager","createMuzzleFlash"],"fullName":"ProjectileManager createMuzzleFlash should create a muzzle flash effect","status":"passed","title":"should create a muzzle flash effect","duration":1.324282999999923,"failureMessages":[],"meta":{}},{"ancestorTitles":["ProjectileManager","createMuzzleFlash"],"fullName":"ProjectileManager createMuzzleFlash should create muzzle flash at correct position","status":"passed","title":"should create muzzle flash at correct position","duration":1.5627939999999398,"failureMessages":[],"meta":{}},{"ancestorTitles":["ProjectileManager","createMuzzleFlash"],"fullName":"ProjectileManager createMuzzleFlash should setup tween animation for muzzle flash fade out","status":"passed","title":"should setup tween animation for muzzle flash fade out","duration":2.195707999999968,"failureMessages":[],"meta":{}},{"ancestorTitles":["ProjectileManager","createMuzzleFlash"],"fullName":"ProjectileManager createMuzzleFlash should destroy muzzle flash when tween completes","status":"passed","title":"should destroy muzzle flash when tween completes","duration":2.086612999999943,"failureMessages":[],"meta":{}}],"startTime":1768188679380,"endTime":1768188679440.0867,"status":"passed","message":"","name":"/home/mtomcal/code/stick-rumble-worktrees/stick-rumble-b05/stick-rumble-client/src/game/entities/ProjectileManager.test.ts"},{"assertionResults":[{"ancestorTitles":["WeaponCrateManager","spawnCrate"],"fullName":"WeaponCrateManager spawnCrate should create sprite and glow for weapon crate","status":"passed","title":"should create sprite and glow for weapon crate","duration":8.364192999999887,"failureMessages":[],"meta":{}},{"ancestorTitles":["WeaponCrateManager","spawnCrate"],"fullName":"WeaponCrateManager spawnCrate should add bobbing animation to sprite","status":"passed","title":"should add bobbing animation to sprite","duration":2.125864999999976,"failureMessages":[],"meta":{}},{"ancestorTitles":["WeaponCrateManager","spawnCrate"],"fullName":"WeaponCrateManager spawnCrate should set sprite origin to center","status":"passed","title":"should set sprite origin to center","duration":1.0474980000001324,"failureMessages":[],"meta":{}},{"ancestorTitles":["WeaponCrateManager","spawnCrate"],"fullName":"WeaponCrateManager spawnCrate should store crate data in internal map","status":"passed","title":"should store crate data in internal map","duration":2.0928989999999885,"failureMessages":[],"meta":{}},{"ancestorTitles":["WeaponCrateManager","markUnavailable"],"fullName":"WeaponCrateManager markUnavailable should fade sprite to 30% alpha","status":"passed","title":"should fade sprite to 30% alpha","duration":0.9533489999998892,"failureMessages":[],"meta":{}},{"ancestorTitles":["WeaponCrateManager","markUnavailable"],"fullName":"WeaponCrateManager markUnavailable should hide glow effect","status":"passed","title":"should hide glow effect","duration":0.848795999999993,"failureMessages":[],"meta":{}},{"ancestorTitles":["WeaponCrateManager","markUnavailable"],"fullName":"WeaponCrateManager markUnavailable should update isAvailable flag to false","status":"passed","title":"should update isAvailable flag to false","duration":0.7415880000000925,"failureMessages":[],"meta":{}},{"ancestorTitles":["WeaponCrateManager","markUnavailable"],"fullName":"WeaponCrateManager markUnavailable should do nothing for non-existent crate","status":"passed","title":"should do nothing for non-existent crate","duration":0.7283870000001116,"failureMessages":[],"meta":{}},{"ancestorTitles":["WeaponCrateManager","markAvailable"],"fullName":"WeaponCrateManager markAvailable should restore sprite to 100% alpha","status":"passed","title":"should restore sprite to 100% alpha","duration":1.7868499999999585,"failureMessages":[],"meta":{}},{"ancestorTitles":["WeaponCrateManager","markAvailable"],"fullName":"WeaponCrateManager markAvailable should show glow effect","status":"passed","title":"should show glow effect","duration":1.2014999999998963,"failureMessages":[],"meta":{}},{"ancestorTitles":["WeaponCrateManager","markAvailable"],"fullName":"WeaponCrateManager markAvailable should update isAvailable flag to true","status":"passed","title":"should update isAvailable flag to true","duration":0.8630440000001727,"failureMessages":[],"meta":{}},{"ancestorTitles":["WeaponCrateManager","markAvailable"],"fullName":"WeaponCrateManager markAvailable should do nothing for non-existent crate","status":"passed","title":"should do nothing for non-existent crate","duration":1.7526960000000145,"failureMessages":[],"meta":{}},{"ancestorTitles":["WeaponCrateManager","getCrate"],"fullName":"WeaponCrateManager getCrate should return crate data if exists","status":"passed","title":"should return crate data if exists","duration":0.69332600000007,"failureMessages":[],"meta":{}},{"ancestorTitles":["WeaponCrateManager","getCrate"],"fullName":"WeaponCrateManager getCrate should return undefined if crate does not exist","status":"passed","title":"should return undefined if crate does not exist","duration":0.6477189999998245,"failureMessages":[],"meta":{}},{"ancestorTitles":["WeaponCrateManager","checkProximity"],"fullName":"WeaponCrateManager checkProximity should return nearest available crate within 32px","status":"passed","title":"should return nearest available crate within 32px","duration":1.2368400000000292,"failureMessages":[],"meta":{}},{"ancestorTitles":["WeaponCrateManager","checkProximity"],"fullName":"WeaponCrateManager checkProximity should return null if no crates within 32px","status":"passed","title":"should return null if no crates within 32px","duration":0.6597320000000764,"failureMessages":[],"meta":{}},{"ancestorTitles":["WeaponCrateManager","checkProximity"],"fullName":"WeaponCrateManager checkProximity should ignore unavailable crates","status":"passed","title":"should ignore unavailable crates","duration":0.6886470000001736,"failureMessages":[],"meta":{}},{"ancestorTitles":["WeaponCrateManager","checkProximity"],"fullName":"WeaponCrateManager checkProximity should return null if player position is undefined","status":"passed","title":"should return null if player position is undefined","duration":0.6131470000000263,"failureMessages":[],"meta":{}},{"ancestorTitles":["WeaponCrateManager","checkProximity"],"fullName":"WeaponCrateManager checkProximity should return crate exactly at 32px distance","status":"passed","title":"should return crate exactly at 32px distance","duration":0.5935210000000097,"failureMessages":[],"meta":{}},{"ancestorTitles":["WeaponCrateManager","checkProximity"],"fullName":"WeaponCrateManager checkProximity should return null if closest crate is at 33px distance","status":"passed","title":"should return null if closest crate is at 33px distance","duration":0.7722479999999905,"failureMessages":[],"meta":{}},{"ancestorTitles":["WeaponCrateManager","destroy"],"fullName":"WeaponCrateManager destroy should destroy all sprites","status":"passed","title":"should destroy all sprites","duration":0.9611019999999826,"failureMessages":[],"meta":{}},{"ancestorTitles":["WeaponCrateManager","destroy"],"fullName":"WeaponCrateManager destroy should destroy all glow effects","status":"passed","title":"should destroy all glow effects","duration":0.8495640000001004,"failureMessages":[],"meta":{}},{"ancestorTitles":["WeaponCrateManager","destroy"],"fullName":"WeaponCrateManager destroy should clear internal crate map","status":"passed","title":"should clear internal crate map","duration":0.6455539999999473,"failureMessages":[],"meta":{}},{"ancestorTitles":["WeaponCrateManager","getAllCrates"],"fullName":"WeaponCrateManager getAllCrates should return empty array when no crates exist","status":"passed","title":"should return empty array when no crates exist","duration":0.9275780000000395,"failureMessages":[],"meta":{}},{"ancestorTitles":["WeaponCrateManager","getAllCrates"],"fullName":"WeaponCrateManager getAllCrates should return all spawned crates","status":"passed","title":"should return all spawned crates","duration":2.015233999999964,"failureMessages":[],"meta":{}}],"startTime":1768188679585,"endTime":1768188679621.0151,"status":"passed","message":"","name":"/home/mtomcal/code/stick-rumble-worktrees/stick-rumble-b05/stick-rumble-client/src/game/entities/WeaponCrateManager.test.ts"},{"assertionResults":[{"ancestorTitles":["WebSocketClient.integration.helpers","Constants"],"fullName":"WebSocketClient.integration.helpers Constants should export SERVER_URL","status":"passed","title":"should export SERVER_URL","duration":3.214988000000176,"failureMessages":[],"meta":{}},{"ancestorTitles":["WebSocketClient.integration.helpers","Constants"],"fullName":"WebSocketClient.integration.helpers Constants should export HEALTH_URL","status":"passed","title":"should export HEALTH_URL","duration":0.6223660000000564,"failureMessages":[],"meta":{}},{"ancestorTitles":["WebSocketClient.integration.helpers","Constants"],"fullName":"WebSocketClient.integration.helpers Constants should export DEFAULT_TIMEOUT","status":"passed","title":"should export DEFAULT_TIMEOUT","duration":0.5175329999997302,"failureMessages":[],"meta":{}},{"ancestorTitles":["WebSocketClient.integration.helpers","Constants"],"fullName":"WebSocketClient.integration.helpers Constants should export DEFAULT_POLL_INTERVAL","status":"passed","title":"should export DEFAULT_POLL_INTERVAL","duration":0.5116649999999936,"failureMessages":[],"meta":{}},{"ancestorTitles":["WebSocketClient.integration.helpers","Constants"],"fullName":"WebSocketClient.integration.helpers Constants should export clients array","status":"passed","title":"should export clients array","duration":0.5844419999998536,"failureMessages":[],"meta":{}},{"ancestorTitles":["WebSocketClient.integration.helpers","createClient"],"fullName":"WebSocketClient.integration.helpers createClient should create a WebSocketClient with default URL","status":"passed","title":"should create a WebSocketClient with default URL","duration":5.560577000000194,"failureMessages":[],"meta":{}},{"ancestorTitles":["WebSocketClient.integration.helpers","createClient"],"fullName":"WebSocketClient.integration.helpers createClient should create a WebSocketClient with custom URL","status":"passed","title":"should create a WebSocketClient with custom URL","duration":1.3138759999997092,"failureMessages":[],"meta":{}},{"ancestorTitles":["WebSocketClient.integration.helpers","createClient"],"fullName":"WebSocketClient.integration.helpers createClient should create a WebSocketClient with debug mode disabled","status":"passed","title":"should create a WebSocketClient with debug mode disabled","duration":0.8022110000001703,"failureMessages":[],"meta":{}},{"ancestorTitles":["WebSocketClient.integration.helpers","createClient"],"fullName":"WebSocketClient.integration.helpers createClient should track multiple clients","status":"passed","title":"should track multiple clients","duration":2.2606610000002547,"failureMessages":[],"meta":{}},{"ancestorTitles":["WebSocketClient.integration.helpers","delay"],"fullName":"WebSocketClient.integration.helpers delay should resolve after specified milliseconds","status":"passed","title":"should resolve after specified milliseconds","duration":50.78859800000009,"failureMessages":[],"meta":{}},{"ancestorTitles":["WebSocketClient.integration.helpers","verifyNoLingeringHandlers"],"fullName":"WebSocketClient.integration.helpers verifyNoLingeringHandlers should not throw when clients array is empty","status":"passed","title":"should not throw when clients array is empty","duration":1.6340339999997013,"failureMessages":[],"meta":{}},{"ancestorTitles":["WebSocketClient.integration.helpers","verifyNoLingeringHandlers"],"fullName":"WebSocketClient.integration.helpers verifyNoLingeringHandlers should not throw when all clients have no handlers","status":"passed","title":"should not throw when all clients have no handlers","duration":1.4792629999997189,"failureMessages":[],"meta":{}},{"ancestorTitles":["WebSocketClient.integration.helpers","verifyNoLingeringHandlers"],"fullName":"WebSocketClient.integration.helpers verifyNoLingeringHandlers should throw when client has lingering handlers","status":"passed","title":"should throw when client has lingering handlers","duration":1.1613400000001093,"failureMessages":[],"meta":{}},{"ancestorTitles":["WebSocketClient.integration.helpers","verifyNoLingeringHandlers"],"fullName":"WebSocketClient.integration.helpers verifyNoLingeringHandlers should list multiple clients with handlers","status":"passed","title":"should list multiple clients with handlers","duration":0.9644539999999324,"failureMessages":[],"meta":{}},{"ancestorTitles":["WebSocketClient.integration.helpers","verifyNoLingeringHandlers"],"fullName":"WebSocketClient.integration.helpers verifyNoLingeringHandlers should not throw when some clients have handlers and some do not","status":"passed","title":"should not throw when some clients have handlers and some do not","duration":0.75883900000008,"failureMessages":[],"meta":{}},{"ancestorTitles":["WebSocketClient.integration.helpers","setupIntegrationTest"],"fullName":"WebSocketClient.integration.helpers setupIntegrationTest should return console spy references that are valid spy instances","status":"passed","title":"should return console spy references that are valid spy instances","duration":1.06307199999992,"failureMessages":[],"meta":{}},{"ancestorTitles":["WebSocketClient.integration.helpers","setupIntegrationTest"],"fullName":"WebSocketClient.integration.helpers setupIntegrationTest should set up spies that track console.error calls after beforeEach runs","status":"passed","title":"should set up spies that track console.error calls after beforeEach runs","duration":2.709607999999662,"failureMessages":[],"meta":{}},{"ancestorTitles":["WebSocketClient.integration.helpers","setupIntegrationTest"],"fullName":"WebSocketClient.integration.helpers setupIntegrationTest should set up spies that track console.warn calls after beforeEach runs","status":"passed","title":"should set up spies that track console.warn calls after beforeEach runs","duration":2.2442480000004252,"failureMessages":[],"meta":{}},{"ancestorTitles":["WebSocketClient.integration.helpers","cleanupIntegrationTest"],"fullName":"WebSocketClient.integration.helpers cleanupIntegrationTest should register afterEach hook that performs cleanup actions","status":"passed","title":"should register afterEach hook that performs cleanup actions","duration":2.280076999999892,"failureMessages":[],"meta":{}},{"ancestorTitles":["WebSocketClient.integration.helpers","cleanupIntegrationTest"],"fullName":"WebSocketClient.integration.helpers cleanupIntegrationTest should restore console spies when cleanup runs","status":"passed","title":"should restore console spies when cleanup runs","duration":1.343699000000015,"failureMessages":[],"meta":{}},{"ancestorTitles":["WebSocketClient.integration.helpers","cleanupIntegrationTest"],"fullName":"WebSocketClient.integration.helpers cleanupIntegrationTest should disconnect all tracked clients during cleanup","status":"passed","title":"should disconnect all tracked clients during cleanup","duration":1.8816249999999854,"failureMessages":[],"meta":{}}],"startTime":1768188677652,"endTime":1768188677737.8816,"status":"passed","message":"","name":"/home/mtomcal/code/stick-rumble-worktrees/stick-rumble-b05/stick-rumble-client/src/game/network/WebSocketClient.integration.helpers.test.ts"},{"assertionResults":[{"ancestorTitles":["WebSocketClient","connect"],"fullName":"WebSocketClient connect should create WebSocket connection with correct URL","status":"passed","title":"should create WebSocket connection with correct URL","duration":9.110948999999891,"failureMessages":[],"meta":{}},{"ancestorTitles":["WebSocketClient","connect"],"fullName":"WebSocketClient connect should log connection success","status":"passed","title":"should log connection success","duration":1.9243689999998423,"failureMessages":[],"meta":{}},{"ancestorTitles":["WebSocketClient","connect"],"fullName":"WebSocketClient connect should reject on connection error","status":"passed","title":"should reject on connection error","duration":12.136662999999771,"failureMessages":[],"meta":{}},{"ancestorTitles":["WebSocketClient","send"],"fullName":"WebSocketClient send should send JSON serialized message when connected","status":"passed","title":"should send JSON serialized message when connected","duration":1.6783840000002783,"failureMessages":[],"meta":{}},{"ancestorTitles":["WebSocketClient","send"],"fullName":"WebSocketClient send should warn when sending while not connected","status":"passed","title":"should warn when sending while not connected","duration":1.3171590000001743,"failureMessages":[],"meta":{}},{"ancestorTitles":["WebSocketClient","send"],"fullName":"WebSocketClient send should not send when WebSocket is not in OPEN state","status":"passed","title":"should not send when WebSocket is not in OPEN state","duration":1.6987079999998969,"failureMessages":[],"meta":{}},{"ancestorTitles":["WebSocketClient","message routing"],"fullName":"WebSocketClient message routing should route messages to registered handlers","status":"passed","title":"should route messages to registered handlers","duration":2.865077000000383,"failureMessages":[],"meta":{}},{"ancestorTitles":["WebSocketClient","message routing"],"fullName":"WebSocketClient message routing should support multiple handlers for the same message type","status":"passed","title":"should support multiple handlers for the same message type","duration":1.9217149999999492,"failureMessages":[],"meta":{}},{"ancestorTitles":["WebSocketClient","message routing"],"fullName":"WebSocketClient message routing should allow removing specific handler with off()","status":"passed","title":"should allow removing specific handler with off()","duration":1.9187819999997373,"failureMessages":[],"meta":{}},{"ancestorTitles":["WebSocketClient","message routing"],"fullName":"WebSocketClient message routing should not call handler after off() is called","status":"passed","title":"should not call handler after off() is called","duration":1.2072269999998753,"failureMessages":[],"meta":{}},{"ancestorTitles":["WebSocketClient","message routing"],"fullName":"WebSocketClient message routing should handle off() for non-existent handler gracefully","status":"passed","title":"should handle off() for non-existent handler gracefully","duration":1.3170199999999568,"failureMessages":[],"meta":{}},{"ancestorTitles":["WebSocketClient","message routing"],"fullName":"WebSocketClient message routing should handle off() for non-existent message type gracefully","status":"passed","title":"should handle off() for non-existent message type gracefully","duration":1.3200220000003355,"failureMessages":[],"meta":{}},{"ancestorTitles":["WebSocketClient","message routing"],"fullName":"WebSocketClient message routing should prevent memory leaks by cleaning up empty handler sets","status":"passed","title":"should prevent memory leaks by cleaning up empty handler sets","duration":3.406985000000077,"failureMessages":[],"meta":{}},{"ancestorTitles":["WebSocketClient","message routing"],"fullName":"WebSocketClient message routing should not duplicate handlers when on() is called multiple times with same handler","status":"passed","title":"should not duplicate handlers when on() is called multiple times with same handler","duration":1.2954369999997652,"failureMessages":[],"meta":{}},{"ancestorTitles":["WebSocketClient","message routing"],"fullName":"WebSocketClient message routing should silently ignore unhandled message types","status":"passed","title":"should silently ignore unhandled message types","duration":1.2718310000000201,"failureMessages":[],"meta":{}},{"ancestorTitles":["WebSocketClient","message routing"],"fullName":"WebSocketClient message routing should handle JSON parse errors gracefully","status":"passed","title":"should handle JSON parse errors gracefully","duration":4.988568000000214,"failureMessages":[],"meta":{}},{"ancestorTitles":["WebSocketClient","reconnection logic"],"fullName":"WebSocketClient reconnection logic should attempt reconnection on close","status":"passed","title":"should attempt reconnection on close","duration":6.721288999999615,"failureMessages":[],"meta":{}},{"ancestorTitles":["WebSocketClient","reconnection logic"],"fullName":"WebSocketClient reconnection logic should use exponential backoff for reconnection delays","status":"passed","title":"should use exponential backoff for reconnection delays","duration":3.661909999999807,"failureMessages":[],"meta":{}},{"ancestorTitles":["WebSocketClient","reconnection logic"],"fullName":"WebSocketClient reconnection logic should stop reconnecting after max attempts","status":"passed","title":"should stop reconnecting after max attempts","duration":2.525923000000148,"failureMessages":[],"meta":{}},{"ancestorTitles":["WebSocketClient","disconnect"],"fullName":"WebSocketClient disconnect should close WebSocket connection","status":"passed","title":"should close WebSocket connection","duration":1.4122850000003382,"failureMessages":[],"meta":{}},{"ancestorTitles":["WebSocketClient","disconnect"],"fullName":"WebSocketClient disconnect should handle disconnect when not connected","status":"passed","title":"should handle disconnect when not connected","duration":1.0379989999996724,"failureMessages":[],"meta":{}},{"ancestorTitles":["WebSocketClient","disconnect"],"fullName":"WebSocketClient disconnect should prevent reconnection attempts after intentional disconnect","status":"passed","title":"should prevent reconnection attempts after intentional disconnect","duration":3.9280100000000857,"failureMessages":[],"meta":{}}],"startTime":1768188677680,"endTime":1768188677750.928,"status":"passed","message":"","name":"/home/mtomcal/code/stick-rumble-worktrees/stick-rumble-b05/stick-rumble-client/src/game/network/WebSocketClient.test.ts"},{"assertionResults":[{"ancestorTitles":["WebSocketClient Schema Validation","sendInputState"],"fullName":"WebSocketClient Schema Validation sendInputState should send valid input state message","status":"passed","title":"should send valid input state message","duration":11.964990999999827,"failureMessages":[],"meta":{}},{"ancestorTitles":["WebSocketClient Schema Validation","sendInputState"],"fullName":"WebSocketClient Schema Validation sendInputState should reject invalid input state with missing fields","status":"passed","title":"should reject invalid input state with missing fields","duration":6.963641999999709,"failureMessages":[],"meta":{}},{"ancestorTitles":["WebSocketClient Schema Validation","sendInputState"],"fullName":"WebSocketClient Schema Validation sendInputState should reject invalid input state with wrong types","status":"passed","title":"should reject invalid input state with wrong types","duration":3.2767290000001594,"failureMessages":[],"meta":{}},{"ancestorTitles":["WebSocketClient Schema Validation","sendInputState"],"fullName":"WebSocketClient Schema Validation sendInputState should reject input state with non-numeric aimAngle","status":"passed","title":"should reject input state with non-numeric aimAngle","duration":2.4493060000004334,"failureMessages":[],"meta":{}},{"ancestorTitles":["WebSocketClient Schema Validation","sendShoot"],"fullName":"WebSocketClient Schema Validation sendShoot should send valid shoot message","status":"passed","title":"should send valid shoot message","duration":3.4900980000002164,"failureMessages":[],"meta":{}},{"ancestorTitles":["WebSocketClient Schema Validation","sendShoot"],"fullName":"WebSocketClient Schema Validation sendShoot should reject shoot message with missing aimAngle","status":"passed","title":"should reject shoot message with missing aimAngle","duration":1.7152609999998276,"failureMessages":[],"meta":{}},{"ancestorTitles":["WebSocketClient Schema Validation","sendShoot"],"fullName":"WebSocketClient Schema Validation sendShoot should reject shoot message with non-numeric aimAngle","status":"passed","title":"should reject shoot message with non-numeric aimAngle","duration":2.110638999999992,"failureMessages":[],"meta":{}},{"ancestorTitles":["WebSocketClient Schema Validation","sendReload"],"fullName":"WebSocketClient Schema Validation sendReload should send valid reload message","status":"passed","title":"should send valid reload message","duration":3.4519639999998617,"failureMessages":[],"meta":{}},{"ancestorTitles":["WebSocketClient Schema Validation","sendWeaponPickupAttempt"],"fullName":"WebSocketClient Schema Validation sendWeaponPickupAttempt should send valid weapon pickup attempt message","status":"passed","title":"should send valid weapon pickup attempt message","duration":3.8168209999998908,"failureMessages":[],"meta":{}},{"ancestorTitles":["WebSocketClient Schema Validation","sendWeaponPickupAttempt"],"fullName":"WebSocketClient Schema Validation sendWeaponPickupAttempt should reject weapon pickup with missing crateId","status":"passed","title":"should reject weapon pickup with missing crateId","duration":2.54729400000042,"failureMessages":[],"meta":{}},{"ancestorTitles":["WebSocketClient Schema Validation","sendWeaponPickupAttempt"],"fullName":"WebSocketClient Schema Validation sendWeaponPickupAttempt should reject weapon pickup with empty crateId","status":"passed","title":"should reject weapon pickup with empty crateId","duration":1.9943520000001627,"failureMessages":[],"meta":{}},{"ancestorTitles":["WebSocketClient Schema Validation","sendWeaponPickupAttempt"],"fullName":"WebSocketClient Schema Validation sendWeaponPickupAttempt should reject weapon pickup with non-string crateId","status":"passed","title":"should reject weapon pickup with non-string crateId","duration":3.411454000000049,"failureMessages":[],"meta":{}},{"ancestorTitles":["WebSocketClient Schema Validation","send (fallback for legacy usage)"],"fullName":"WebSocketClient Schema Validation send (fallback for legacy usage) should still support legacy send method","status":"passed","title":"should still support legacy send method","duration":2.524526000000151,"failureMessages":[],"meta":{}},{"ancestorTitles":["WebSocketClient Schema Validation","send (fallback for legacy usage)"],"fullName":"WebSocketClient Schema Validation send (fallback for legacy usage) should warn when WebSocket is not connected","status":"passed","title":"should warn when WebSocket is not connected","duration":3.1914520000000266,"failureMessages":[],"meta":{}},{"ancestorTitles":["WebSocketClient Schema Validation","edge cases"],"fullName":"WebSocketClient Schema Validation edge cases should handle all boolean combinations for input state","status":"passed","title":"should handle all boolean combinations for input state","duration":2.1238390000003164,"failureMessages":[],"meta":{}},{"ancestorTitles":["WebSocketClient Schema Validation","edge cases"],"fullName":"WebSocketClient Schema Validation edge cases should handle various numeric aimAngle values","status":"passed","title":"should handle various numeric aimAngle values","duration":2.5866860000000997,"failureMessages":[],"meta":{}},{"ancestorTitles":["WebSocketClient Schema Validation","edge cases"],"fullName":"WebSocketClient Schema Validation edge cases should handle various valid crateId formats","status":"passed","title":"should handle various valid crateId formats","duration":3.0201280000001134,"failureMessages":[],"meta":{}}],"startTime":1768188679586,"endTime":1768188679649.02,"status":"passed","message":"","name":"/home/mtomcal/code/stick-rumble-worktrees/stick-rumble-b05/stick-rumble-client/src/game/network/WebSocketClient.validation.test.ts"},{"assertionResults":[{"ancestorTitles":["XP Calculator","calculateXP"],"fullName":"XP Calculator calculateXP should calculate base XP only for 0 kills, no win, not top 3","status":"passed","title":"should calculate base XP only for 0 kills, no win, not top 3","duration":3.7272820000000593,"failureMessages":[],"meta":{}},{"ancestorTitles":["XP Calculator","calculateXP"],"fullName":"XP Calculator calculateXP should calculate XP with kills only","status":"passed","title":"should calculate XP with kills only","duration":0.5641180000000077,"failureMessages":[],"meta":{}},{"ancestorTitles":["XP Calculator","calculateXP"],"fullName":"XP Calculator calculateXP should calculate XP with win bonus only","status":"passed","title":"should calculate XP with win bonus only","duration":0.4258300000001327,"failureMessages":[],"meta":{}},{"ancestorTitles":["XP Calculator","calculateXP"],"fullName":"XP Calculator calculateXP should calculate XP with top 3 bonus only","status":"passed","title":"should calculate XP with top 3 bonus only","duration":0.419542999999976,"failureMessages":[],"meta":{}},{"ancestorTitles":["XP Calculator","calculateXP"],"fullName":"XP Calculator calculateXP should calculate XP with all bonuses","status":"passed","title":"should calculate XP with all bonuses","duration":0.4340710000001309,"failureMessages":[],"meta":{}},{"ancestorTitles":["XP Calculator","calculateXP"],"fullName":"XP Calculator calculateXP should calculate XP for high kill count","status":"passed","title":"should calculate XP for high kill count","duration":0.5050309999999172,"failureMessages":[],"meta":{}},{"ancestorTitles":["XP Calculator","calculateXP"],"fullName":"XP Calculator calculateXP should calculate XP with win bonus but not top 3","status":"passed","title":"should calculate XP with win bonus but not top 3","duration":0.45062400000006164,"failureMessages":[],"meta":{}},{"ancestorTitles":["XP Calculator","calculateXP"],"fullName":"XP Calculator calculateXP should calculate XP with top 3 but not win","status":"passed","title":"should calculate XP with top 3 but not win","duration":0.373028000000204,"failureMessages":[],"meta":{}},{"ancestorTitles":["XP Calculator","calculateXP"],"fullName":"XP Calculator calculateXP should handle negative kills as 0","status":"passed","title":"should handle negative kills as 0","duration":0.5511970000000019,"failureMessages":[],"meta":{}},{"ancestorTitles":["XP Calculator","calculateXP"],"fullName":"XP Calculator calculateXP should handle fractional kills by flooring","status":"passed","title":"should handle fractional kills by flooring","duration":0.7123229999999694,"failureMessages":[],"meta":{}}],"startTime":1768188679755,"endTime":1768188679763.7124,"status":"passed","message":"","name":"/home/mtomcal/code/stick-rumble-worktrees/stick-rumble-b05/stick-rumble-client/src/game/utils/xpCalculator.test.ts"},{"assertionResults":[{"ancestorTitles":["InputManager","constructor"],"fullName":"InputManager constructor should initialize with default input state","status":"passed","title":"should initialize with default input state","duration":5.097172000000228,"failureMessages":[],"meta":{}},{"ancestorTitles":["InputManager","init"],"fullName":"InputManager init should setup WASD keys from scene input","status":"passed","title":"should setup WASD keys from scene input","duration":5.6167310000000725,"failureMessages":[],"meta":{}},{"ancestorTitles":["InputManager","init"],"fullName":"InputManager init should handle missing keyboard input gracefully","status":"passed","title":"should handle missing keyboard input gracefully","duration":2.922418000000107,"failureMessages":[],"meta":{}},{"ancestorTitles":["InputManager","init"],"fullName":"InputManager init should handle missing scene.input gracefully","status":"passed","title":"should handle missing scene.input gracefully","duration":0.8755449999998746,"failureMessages":[],"meta":{}},{"ancestorTitles":["InputManager","update"],"fullName":"InputManager update should not send input state if keys not initialized","status":"passed","title":"should not send input state if keys not initialized","duration":0.6813130000000456,"failureMessages":[],"meta":{}},{"ancestorTitles":["InputManager","update"],"fullName":"InputManager update should send input state when W key is pressed","status":"passed","title":"should send input state when W key is pressed","duration":1.0132750000002488,"failureMessages":[],"meta":{}},{"ancestorTitles":["InputManager","update"],"fullName":"InputManager update should send input state when A key is pressed","status":"passed","title":"should send input state when A key is pressed","duration":0.865697000000182,"failureMessages":[],"meta":{}},{"ancestorTitles":["InputManager","update"],"fullName":"InputManager update should send input state when S key is pressed","status":"passed","title":"should send input state when S key is pressed","duration":0.9077429999997548,"failureMessages":[],"meta":{}},{"ancestorTitles":["InputManager","update"],"fullName":"InputManager update should send input state when D key is pressed","status":"passed","title":"should send input state when D key is pressed","duration":1.006778999999824,"failureMessages":[],"meta":{}},{"ancestorTitles":["InputManager","update"],"fullName":"InputManager update should send input state with multiple keys pressed","status":"passed","title":"should send input state with multiple keys pressed","duration":0.8201599999997597,"failureMessages":[],"meta":{}},{"ancestorTitles":["InputManager","update"],"fullName":"InputManager update should not send input state if state has not changed","status":"passed","title":"should not send input state if state has not changed","duration":0.7007290000001376,"failureMessages":[],"meta":{}},{"ancestorTitles":["InputManager","update"],"fullName":"InputManager update should send input state when key is released","status":"passed","title":"should send input state when key is released","duration":0.7370470000000751,"failureMessages":[],"meta":{}},{"ancestorTitles":["InputManager","update"],"fullName":"InputManager update should detect state changes for each key independently","status":"passed","title":"should detect state changes for each key independently","duration":0.5785049999999501,"failureMessages":[],"meta":{}},{"ancestorTitles":["InputManager","getState"],"fullName":"InputManager getState should return current input state","status":"passed","title":"should return current input state","duration":0.6318649999998343,"failureMessages":[],"meta":{}},{"ancestorTitles":["InputManager","getState"],"fullName":"InputManager getState should return a copy of the state (not reference)","status":"passed","title":"should return a copy of the state (not reference)","duration":0.9109550000002855,"failureMessages":[],"meta":{}},{"ancestorTitles":["InputManager","destroy"],"fullName":"InputManager destroy should be callable without error","status":"passed","title":"should be callable without error","duration":0.5053100000000086,"failureMessages":[],"meta":{}},{"ancestorTitles":["InputManager","disable/enable"],"fullName":"InputManager disable/enable should disable input handling when disable() is called","status":"passed","title":"should disable input handling when disable() is called","duration":0.5450510000000577,"failureMessages":[],"meta":{}},{"ancestorTitles":["InputManager","disable/enable"],"fullName":"InputManager disable/enable should enable input handling when enable() is called","status":"passed","title":"should enable input handling when enable() is called","duration":0.8295189999998911,"failureMessages":[],"meta":{}},{"ancestorTitles":["InputManager","disable/enable"],"fullName":"InputManager disable/enable should be enabled by default","status":"passed","title":"should be enabled by default","duration":0.5089419999999336,"failureMessages":[],"meta":{}},{"ancestorTitles":["InputManager","disable/enable"],"fullName":"InputManager disable/enable should not send input when disabled even with state changes","status":"passed","title":"should not send input when disabled even with state changes","duration":0.455721999999696,"failureMessages":[],"meta":{}},{"ancestorTitles":["InputManager","aim angle"],"fullName":"InputManager aim angle should calculate aim angle based on mouse position relative to player","status":"passed","title":"should calculate aim angle based on mouse position relative to player","duration":1.2438939999997274,"failureMessages":[],"meta":{}},{"ancestorTitles":["InputManager","aim angle"],"fullName":"InputManager aim angle should calculate aim angle pointing up (negative Y)","status":"passed","title":"should calculate aim angle pointing up (negative Y)","duration":0.6103529999995772,"failureMessages":[],"meta":{}},{"ancestorTitles":["InputManager","aim angle"],"fullName":"InputManager aim angle should calculate aim angle pointing down","status":"passed","title":"should calculate aim angle pointing down","duration":0.4676649999996698,"failureMessages":[],"meta":{}},{"ancestorTitles":["InputManager","aim angle"],"fullName":"InputManager aim angle should calculate aim angle pointing left","status":"passed","title":"should calculate aim angle pointing left","duration":0.4221980000002077,"failureMessages":[],"meta":{}},{"ancestorTitles":["InputManager","aim angle"],"fullName":"InputManager aim angle should calculate aim angle for diagonal directions","status":"passed","title":"should calculate aim angle for diagonal directions","duration":0.5592979999996714,"failureMessages":[],"meta":{}},{"ancestorTitles":["InputManager","aim angle"],"fullName":"InputManager aim angle should include aim angle in input state message","status":"passed","title":"should include aim angle in input state message","duration":0.6001559999999699,"failureMessages":[],"meta":{}},{"ancestorTitles":["InputManager","aim angle"],"fullName":"InputManager aim angle should send update when aim angle changes significantly","status":"passed","title":"should send update when aim angle changes significantly","duration":0.38818399999991016,"failureMessages":[],"meta":{}},{"ancestorTitles":["InputManager","aim angle"],"fullName":"InputManager aim angle should not send update for small aim angle changes","status":"passed","title":"should not send update for small aim angle changes","duration":0.30416399999967325,"failureMessages":[],"meta":{}},{"ancestorTitles":["InputManager","aim angle"],"fullName":"InputManager aim angle should return 0 aim angle by default","status":"passed","title":"should return 0 aim angle by default","duration":0.2633059999998295,"failureMessages":[],"meta":{}},{"ancestorTitles":["InputManager","aim angle"],"fullName":"InputManager aim angle should handle zero distance from player gracefully","status":"passed","title":"should handle zero distance from player gracefully","duration":0.396005999999943,"failureMessages":[],"meta":{}},{"ancestorTitles":["InputManager","aim angle"],"fullName":"InputManager aim angle should use camera.getWorldPoint for coordinate transformation","status":"passed","title":"should use camera.getWorldPoint for coordinate transformation","duration":0.3084239999998317,"failureMessages":[],"meta":{}},{"ancestorTitles":["InputManager","aim angle"],"fullName":"InputManager aim angle should handle camera scroll offset correctly","status":"passed","title":"should handle camera scroll offset correctly","duration":0.3341960000002473,"failureMessages":[],"meta":{}}],"startTime":1768188677313,"endTime":1768188677347.3342,"status":"passed","message":"","name":"/home/mtomcal/code/stick-rumble-worktrees/stick-rumble-b05/stick-rumble-client/src/game/input/InputManager.test.ts"},{"assertionResults":[{"ancestorTitles":["ShootingManager","initialization"],"fullName":"ShootingManager initialization should initialize with full ammo","status":"passed","title":"should initialize with full ammo","duration":6.693841000000248,"failureMessages":[],"meta":{}},{"ancestorTitles":["ShootingManager","initialization"],"fullName":"ShootingManager initialization should initialize not reloading","status":"passed","title":"should initialize not reloading","duration":0.8035370000002331,"failureMessages":[],"meta":{}},{"ancestorTitles":["ShootingManager","initialization"],"fullName":"ShootingManager initialization should initialize with canShoot true","status":"passed","title":"should initialize with canShoot true","duration":0.602530999999999,"failureMessages":[],"meta":{}},{"ancestorTitles":["ShootingManager","shoot"],"fullName":"ShootingManager shoot should send player:shoot message when shooting","status":"passed","title":"should send player:shoot message when shooting","duration":4.050163999999768,"failureMessages":[],"meta":{}},{"ancestorTitles":["ShootingManager","shoot"],"fullName":"ShootingManager shoot should not shoot when on cooldown","status":"passed","title":"should not shoot when on cooldown","duration":0.9055080000002818,"failureMessages":[],"meta":{}},{"ancestorTitles":["ShootingManager","shoot"],"fullName":"ShootingManager shoot should allow shooting after cooldown expires","status":"passed","title":"should allow shooting after cooldown expires","duration":1.559092999999848,"failureMessages":[],"meta":{}},{"ancestorTitles":["ShootingManager","shoot"],"fullName":"ShootingManager shoot should not shoot when magazine is empty","status":"passed","title":"should not shoot when magazine is empty","duration":0.6720940000000155,"failureMessages":[],"meta":{}},{"ancestorTitles":["ShootingManager","shoot"],"fullName":"ShootingManager shoot should not shoot while reloading","status":"passed","title":"should not shoot while reloading","duration":0.5528730000000905,"failureMessages":[],"meta":{}},{"ancestorTitles":["ShootingManager","reload"],"fullName":"ShootingManager reload should send player:reload message when reloading with partial magazine","status":"passed","title":"should send player:reload message when reloading with partial magazine","duration":1.0245190000000548,"failureMessages":[],"meta":{}},{"ancestorTitles":["ShootingManager","reload"],"fullName":"ShootingManager reload should not send reload message when magazine is full","status":"passed","title":"should not send reload message when magazine is full","duration":0.6119590000002972,"failureMessages":[],"meta":{}},{"ancestorTitles":["ShootingManager","reload"],"fullName":"ShootingManager reload should not reload while already reloading","status":"passed","title":"should not reload while already reloading","duration":0.48107500000014625,"failureMessages":[],"meta":{}},{"ancestorTitles":["ShootingManager","updateWeaponState"],"fullName":"ShootingManager updateWeaponState should update weapon state from server","status":"passed","title":"should update weapon state from server","duration":0.48589399999991656,"failureMessages":[],"meta":{}},{"ancestorTitles":["ShootingManager","setAimAngle"],"fullName":"ShootingManager setAimAngle should store aim angle for shooting","status":"passed","title":"should store aim angle for shooting","duration":0.7533910000001924,"failureMessages":[],"meta":{}},{"ancestorTitles":["ShootingManager","canShoot"],"fullName":"ShootingManager canShoot should return true when can shoot","status":"passed","title":"should return true when can shoot","duration":0.5919149999999718,"failureMessages":[],"meta":{}},{"ancestorTitles":["ShootingManager","canShoot"],"fullName":"ShootingManager canShoot should return false when on cooldown","status":"passed","title":"should return false when on cooldown","duration":0.517812000000049,"failureMessages":[],"meta":{}},{"ancestorTitles":["ShootingManager","canShoot"],"fullName":"ShootingManager canShoot should return false when magazine is empty","status":"passed","title":"should return false when magazine is empty","duration":0.3983809999999721,"failureMessages":[],"meta":{}},{"ancestorTitles":["ShootingManager","canShoot"],"fullName":"ShootingManager canShoot should return false when reloading","status":"passed","title":"should return false when reloading","duration":0.4796779999996943,"failureMessages":[],"meta":{}},{"ancestorTitles":["ShootingManager","getAmmoInfo"],"fullName":"ShootingManager getAmmoInfo should return current and max ammo","status":"passed","title":"should return current and max ammo","duration":0.5734059999999772,"failureMessages":[],"meta":{}},{"ancestorTitles":["ShootingManager","getAmmoInfo"],"fullName":"ShootingManager getAmmoInfo should reflect weapon state updates","status":"passed","title":"should reflect weapon state updates","duration":0.9320479999996678,"failureMessages":[],"meta":{}},{"ancestorTitles":["ShootingManager","fire rate cooldown"],"fullName":"ShootingManager fire rate cooldown should enforce fire rate of 3 rounds per second","status":"passed","title":"should enforce fire rate of 3 rounds per second","duration":1.2153980000002775,"failureMessages":[],"meta":{}},{"ancestorTitles":["ShootingManager","aim angle accuracy"],"fullName":"ShootingManager aim angle accuracy should send exact aim angle to server","status":"passed","title":"should send exact aim angle to server","duration":1.4416880000003403,"failureMessages":[],"meta":{}},{"ancestorTitles":["ShootingManager","aim angle accuracy"],"fullName":"ShootingManager aim angle accuracy should preserve aim angle precision within ±2 degrees tolerance","status":"passed","title":"should preserve aim angle precision within ±2 degrees tolerance","duration":3.0283690000001116,"failureMessages":[],"meta":{}},{"ancestorTitles":["ShootingManager","aim angle accuracy"],"fullName":"ShootingManager aim angle accuracy should handle edge case angles at 0 and 2π boundary","status":"passed","title":"should handle edge case angles at 0 and 2π boundary","duration":1.1347310000001016,"failureMessages":[],"meta":{}},{"ancestorTitles":["ShootingManager","isEmpty"],"fullName":"ShootingManager isEmpty should return true when magazine is empty","status":"passed","title":"should return true when magazine is empty","duration":0.999514999999974,"failureMessages":[],"meta":{}},{"ancestorTitles":["ShootingManager","isEmpty"],"fullName":"ShootingManager isEmpty should return false when magazine has ammo","status":"passed","title":"should return false when magazine has ammo","duration":0.8799450000001343,"failureMessages":[],"meta":{}},{"ancestorTitles":["ShootingManager","isEmpty"],"fullName":"ShootingManager isEmpty should return false with partial magazine","status":"passed","title":"should return false with partial magazine","duration":0.9092089999999189,"failureMessages":[],"meta":{}},{"ancestorTitles":["ShootingManager","isReloading"],"fullName":"ShootingManager isReloading should return true when reloading","status":"passed","title":"should return true when reloading","duration":0.9705310000003919,"failureMessages":[],"meta":{}},{"ancestorTitles":["ShootingManager","isReloading"],"fullName":"ShootingManager isReloading should return false when not reloading","status":"passed","title":"should return false when not reloading","duration":0.9253430000003391,"failureMessages":[],"meta":{}},{"ancestorTitles":["ShootingManager","isReloading"],"fullName":"ShootingManager isReloading should return false after reload completes","status":"passed","title":"should return false after reload completes","duration":0.9993749999998727,"failureMessages":[],"meta":{}},{"ancestorTitles":["ShootingManager","disable/enable"],"fullName":"ShootingManager disable/enable should disable shooting when disable() is called","status":"passed","title":"should disable shooting when disable() is called","duration":1.7865700000002107,"failureMessages":[],"meta":{}},{"ancestorTitles":["ShootingManager","disable/enable"],"fullName":"ShootingManager disable/enable should enable shooting when enable() is called","status":"passed","title":"should enable shooting when enable() is called","duration":1.5391880000001947,"failureMessages":[],"meta":{}},{"ancestorTitles":["ShootingManager","disable/enable"],"fullName":"ShootingManager disable/enable should be enabled by default","status":"passed","title":"should be enabled by default","duration":1.478704000000107,"failureMessages":[],"meta":{}},{"ancestorTitles":["ShootingManager","disable/enable"],"fullName":"ShootingManager disable/enable should not shoot when disabled even after cooldown","status":"passed","title":"should not shoot when disabled even after cooldown","duration":1.0551100000002407,"failureMessages":[],"meta":{}},{"ancestorTitles":["ShootingManager","disable/enable"],"fullName":"ShootingManager disable/enable should respect cooldown after re-enabling","status":"passed","title":"should respect cooldown after re-enabling","duration":1.3875599999996666,"failureMessages":[],"meta":{}}],"startTime":1768188677327,"endTime":1768188677372.3875,"status":"passed","message":"","name":"/home/mtomcal/code/stick-rumble-worktrees/stick-rumble-b05/stick-rumble-client/src/game/input/ShootingManager.test.ts"},{"assertionResults":[{"ancestorTitles":["HealthBarUI"],"fullName":"HealthBarUI should create health bar UI with correct initial state","status":"passed","title":"should create health bar UI with correct initial state","duration":10.589234000000033,"failureMessages":[],"meta":{}},{"ancestorTitles":["HealthBarUI"],"fullName":"HealthBarUI should create background rectangle with correct dimensions","status":"passed","title":"should create background rectangle with correct dimensions","duration":1.2206360000000132,"failureMessages":[],"meta":{}},{"ancestorTitles":["HealthBarUI"],"fullName":"HealthBarUI should create health bar rectangle with correct initial dimensions","status":"passed","title":"should create health bar rectangle with correct initial dimensions","duration":0.9348410000000058,"failureMessages":[],"meta":{}},{"ancestorTitles":["HealthBarUI"],"fullName":"HealthBarUI should update health bar width when health changes","status":"passed","title":"should update health bar width when health changes","duration":1.1812449999999899,"failureMessages":[],"meta":{}},{"ancestorTitles":["HealthBarUI"],"fullName":"HealthBarUI should update health text when health changes","status":"passed","title":"should update health text when health changes","duration":0.9147270000000844,"failureMessages":[],"meta":{}},{"ancestorTitles":["HealthBarUI"],"fullName":"HealthBarUI should change health bar color to yellow when health is between 30-60%","status":"passed","title":"should change health bar color to yellow when health is between 30-60%","duration":1.0103409999999258,"failureMessages":[],"meta":{}},{"ancestorTitles":["HealthBarUI"],"fullName":"HealthBarUI should change health bar color to red when health is below 30%","status":"passed","title":"should change health bar color to red when health is below 30%","duration":0.9639660000000276,"failureMessages":[],"meta":{}},{"ancestorTitles":["HealthBarUI"],"fullName":"HealthBarUI should handle zero health","status":"passed","title":"should handle zero health","duration":0.8671640000000025,"failureMessages":[],"meta":{}},{"ancestorTitles":["HealthBarUI"],"fullName":"HealthBarUI should handle full health","status":"passed","title":"should handle full health","duration":1.059789000000137,"failureMessages":[],"meta":{}},{"ancestorTitles":["HealthBarUI"],"fullName":"HealthBarUI should handle edge case at 30% health threshold","status":"passed","title":"should handle edge case at 30% health threshold","duration":1.2283199999999397,"failureMessages":[],"meta":{}},{"ancestorTitles":["HealthBarUI"],"fullName":"HealthBarUI should handle edge case at 60% health threshold","status":"passed","title":"should handle edge case at 60% health threshold","duration":0.9054380000000037,"failureMessages":[],"meta":{}},{"ancestorTitles":["HealthBarUI"],"fullName":"HealthBarUI should clamp negative health to zero","status":"passed","title":"should clamp negative health to zero","duration":0.8623450000000048,"failureMessages":[],"meta":{}},{"ancestorTitles":["HealthBarUI"],"fullName":"HealthBarUI should clamp health above max to max","status":"passed","title":"should clamp health above max to max","duration":0.8338490000001002,"failureMessages":[],"meta":{}},{"ancestorTitles":["HealthBarUI","Health Regeneration Animation"],"fullName":"HealthBarUI Health Regeneration Animation should start regeneration animation when isRegenerating becomes true","status":"passed","title":"should start regeneration animation when isRegenerating becomes true","duration":2.938551999999845,"failureMessages":[],"meta":{}},{"ancestorTitles":["HealthBarUI","Health Regeneration Animation"],"fullName":"HealthBarUI Health Regeneration Animation should not start regeneration animation if already regenerating","status":"passed","title":"should not start regeneration animation if already regenerating","duration":0.9973509999999806,"failureMessages":[],"meta":{}},{"ancestorTitles":["HealthBarUI","Health Regeneration Animation"],"fullName":"HealthBarUI Health Regeneration Animation should stop regeneration animation when isRegenerating becomes false","status":"passed","title":"should stop regeneration animation when isRegenerating becomes false","duration":1.0203280000000632,"failureMessages":[],"meta":{}},{"ancestorTitles":["HealthBarUI","Health Regeneration Animation"],"fullName":"HealthBarUI Health Regeneration Animation should not stop animation if not currently regenerating","status":"passed","title":"should not stop animation if not currently regenerating","duration":0.8175750000000335,"failureMessages":[],"meta":{}},{"ancestorTitles":["HealthBarUI","Health Regeneration Animation"],"fullName":"HealthBarUI Health Regeneration Animation should handle regeneration state transitions correctly","status":"passed","title":"should handle regeneration state transitions correctly","duration":1.36821400000008,"failureMessages":[],"meta":{}},{"ancestorTitles":["HealthBarUI","Health Regeneration Animation"],"fullName":"HealthBarUI Health Regeneration Animation should update health bar width while regenerating","status":"passed","title":"should update health bar width while regenerating","duration":1.2322309999999561,"failureMessages":[],"meta":{}},{"ancestorTitles":["HealthBarUI","Health Regeneration Animation"],"fullName":"HealthBarUI Health Regeneration Animation should update health text while regenerating","status":"passed","title":"should update health text while regenerating","duration":0.9438509999999951,"failureMessages":[],"meta":{}},{"ancestorTitles":["HealthBarUI","Health Regeneration Animation"],"fullName":"HealthBarUI Health Regeneration Animation should not restart animation when already regenerating (idempotency test)","status":"passed","title":"should not restart animation when already
[...]
"s":{"0":89,"1":89,"2":89,"3":67,"4":67,"5":67,"6":60,"7":60,"8":60,"9":22,"10":22,"11":24,"12":22,"13":22,"14":22,"15":13,"16":1,"17":12,"18":12,"19":12,"20":12,"21":12,"22":5,"23":7,"24":4,"25":3,"26":3,"27":1,"28":2,"29":2,"30":5,"31":5,"32":5,"33":5,"34":5,"35":5,"36":5,"37":20,"38":20,"39":5,"40":4,"41":16,"42":8,"43":8,"44":4,"45":4,"46":4,"47":4,"48":4,"49":4,"50":1,"51":4,"52":1,"53":4,"54":1},"f":{"0":89,"1":67,"2":60,"3":22,"4":24,"5":13,"6":3,"7":5,"8":20,"9":4,"10":16,"11":8,"12":4,"13":4},"b":{"0":[22,2],"1":[24,23],"2":[2,20],"3":[1,12],"4":[5,7],"5":[4,3],"6":[1,2],"7":[4,4],"8":[1,3],"9":[1,3],"10":[1,3]},"meta":{"lastBranch":11,"lastFunction":14,"lastStatement":55,"seen":{"s:12:59:12:Infinity":0,"s:13:68:13:Infinity":1,"f:15:2:15:14":0,"s:16:4:16:Infinity":2,"f:22:2:22:19":1,"s:23:4:27:Infinity":3,"s:28:4:28:Infinity":4,"s:29:4:29:Infinity":5,"f:35:2:35:27":2,"s:36:4:43:Infinity":6,"s:44:4:44:Infinity":7,"s:45:4:45:Infinity":8,"f:51:2:51:20":3,"s:52:4:55:Infinity":9,"s:56:4:56:Infinity":10,"f:62:2:62:20":4,"b:63:4:67:Infinity:undefined:undefined:undefined:undefined":0,"s:63:4:67:Infinity":11,"b:63:8:63:25:63:25:63:42":1,"s:64:29:64:Infinity":12,"s:65:24:65:Infinity":13,"b:65:56:65:73:65:73:65:Infinity":2,"s:66:6:66:Infinity":14,"f:73:2:73:19":5,"b:74:4:76:Infinity:undefined:undefined:undefined:undefined":3,"s:74:4:76:Infinity":15,"s:75:6:75:Infinity":16,"s:78:20:78:Infinity":17,"s:79:20:79:Infinity":18,"s:80:26:80:Infinity":19,"s:82:4:82:Infinity":20,"b:85:4:91:Infinity:87:4:91:Infinity":4,"s:85:4:91:Infinity":21,"s:86:6:86:Infinity":22,"b:87:4:91:Infinity:89:11:91:Infinity":5,"s:87:4:91:Infinity":23,"s:88:6:88:Infinity":24,"s:90:6:90:Infinity":25,"f:97:2:97:26":6,"b:98:4:100:Infinity:undefined:undefined:undefined:undefined":6,"s:98:4:100:Infinity":26,"s:99:6:99:Infinity":27,"s:103:4:103:Infinity":28,"s:106:4:111:Infinity":29,"f:117:2:117:24":7,"s:118:19:118:Infinity":30,"s:119:20:119:Infinity":31,"s:120:20:120:Infinity":32,"s:121:23:121:Infinity":33,"s:122:16:122:Infinity":34,"s:125:18:154:Infinity":35,"s:157:4:160:Infinity":36,"f:157:18:157:26":8,"s:158:6:158:Infinity":37,"s:159:6:159:Infinity":38,"s:163:4:172:Infinity":39,"f:168:18:168:24":9,"s:170:8:170:Infinity":40,"f:170:22:170:30":10,"s:170:30:170:44":41,"f:178:2:178:19":11,"s:179:21:179:Infinity":42,"b:180:4:182:Infinity:undefined:undefined:undefined:undefined":7,"s:180:4:182:Infinity":43,"s:181:6:181:Infinity":44,"s:185:23:196:Infinity":45,"s:197:4:197:Infinity":46,"s:200:4:209:Infinity":47,"f:206:18:206:24":12,"s:207:8:207:Infinity":48,"f:215:2:215:18":13,"b:217:4:219:Infinity:undefined:undefined:undefined:undefined":8,"s:217:4:219:Infinity":49,"s:218:6:218:Infinity":50,"b:220:4:222:Infinity:undefined:undefined:undefined:undefined":9,"s:220:4:222:Infinity":51,"s:221:6:221:Infinity":52,"b:223:4:225:Infinity:undefined:undefined:undefined:undefined":10,"s:223:4:225:Infinity":53,"s:224:6:224:Infinity":54}}},"/home/mtomcal/code/stick-rumble-worktrees/stick-rumble-b05/stick-rumble-client/src/shared/constants.ts":{"path":"/home/mtomcal/code/stick-rumble-worktrees/stick-rumble-b05/stick-rumble-client/src/shared/constants.ts","statementMap":{"0":{"start":{"line":9,"column":24},"end":{"line":18,"column":null}},"1":{"start":{"line":23,"column":21},"end":{"line":29,"column":null}},"2":{"start":{"line":34,"column":23},"end":{"line":43,"column":null}},"3":{"start":{"line":48,"column":22},"end":{"line":54,"column":null}},"4":{"start":{"line":59,"column":22},"end":{"line":77,"column":null}},"5":{"start":{"line":82,"column":23},"end":{"line":97,"column":null}}},"fnMap":{},"branchMap":{},"s":{"0":14,"1":14,"2":14,"3":14,"4":14,"5":14},"f":{},"b":{},"meta":{"lastBranch":0,"lastFunction":0,"lastStatement":6,"seen":{"s:9:24:18:Infinity":0,"s:23:21:29:Infinity":1,"s:34:23:43:Infinity":2,"s:48:22:54:Infinity":3,"s:59:22:77:Infinity":4,"s:82:23:97:Infinity":5}}},"/home/mtomcal/code/stick-rumble-worktrees/stick-rumble-b05/stick-rumble-client/src/game/utils/xpCalculator.ts":{"path":"/home/mtomcal/code/stick-rumble-worktrees/stick-rumble-b05/stick-rumble-client/src/game/utils/xpCalculator.ts","statementMap":{"0":{"start":{"line":31,"column":21},"end":{"line":31,"column":null}},"1":{"start":{"line":33,"column":33},"end":{"line":38,"column":null}},"2":{"start":{"line":40,"column":16},"end":{"line":40,"column":null}},"3":{"start":{"line":42,"column":2},"end":{"line":45,"column":null}}},"fnMap":{"0":{"name":"calculateXP","decl":{"start":{"line":29,"column":16},"end":{"line":29,"column":28}},"loc":{"start":{"line":29,"column":93},"end":{"line":46,"column":null}},"line":29}},"branchMap":{"0":{"loc":{"start":{"line":36,"column":9},"end":{"line":36,"column":null}},"type":"cond-expr","locations":[{"start":{"line":36,"column":20},"end":{"line":36,"column":26}},{"start":{"line":36,"column":26},"end":{"line":36,"column":null}}],"line":36},"1":{"loc":{"start":{"line":37,"column":14},"end":{"line":37,"column":null}},"type":"cond-expr","locations":[{"start":{"line":37,"column":27},"end":{"line":37,"column":32}},{"start":{"line":37,"column":32},"end":{"line":37,"column":null}}],"line":37}},"s":{"0":38,"1":38,"2":38,"3":38},"f":{"0":38},"b":{"0":[5,33],"1":[30,8]},"meta":{"lastBranch":2,"lastFunction":1,"lastStatement":4,"seen":{"f:29:16:29:28":0,"s:31:21:31:Infinity":0,"s:33:33:38:Infinity":1,"b:36:20:36:26:36:26:36:Infinity":0,"b:37:27:37:32:37:32:37:Infinity":1,"s:40:16:40:Infinity":2,"s:42:2:45:Infinity":3}}},"/home/mtomcal/code/stick-rumble-worktrees/stick-rumble-b05/stick-rumble-client/src/ui/common/PhaserGame.tsx":{"path":"/home/mtomcal/code/stick-rumble-worktrees/stick-rumble-b05/stick-rumble-client/src/ui/common/PhaserGame.tsx","statementMap":{"0":{"start":{"line":11,"column":8},"end":{"line":11,"column":null}},"1":{"start":{"line":13,"column":2},"end":{"line":36,"column":null}},"2":{"start":{"line":15,"column":4},"end":{"line":22,"column":null}},"3":{"start":{"line":16,"column":6},"end":{"line":16,"column":null}},"4":{"start":{"line":19,"column":6},"end":{"line":21,"column":null}},"5":{"start":{"line":20,"column":8},"end":{"line":20,"column":null}},"6":{"start":{"line":25,"column":4},"end":{"line":35,"column":null}},"7":{"start":{"line":26,"column":6},"end":{"line":29,"column":null}},"8":{"start":{"line":27,"column":8},"end":{"line":27,"column":null}},"9":{"start":{"line":28,"column":8},"end":{"line":28,"column":null}},"10":{"start":{"line":32,"column":6},"end":{"line":34,"column":null}},"11":{"start":{"line":33,"column":8},"end":{"line":33,"column":null}},"12":{"start":{"line":38,"column":2},"end":{"line":38,"column":null}}},"fnMap":{"0":{"name":"PhaserGame","decl":{"start":{"line":10,"column":16},"end":{"line":10,"column":27}},"loc":{"start":{"line":10,"column":60},"end":{"line":39,"column":null}},"line":10},"1":{"name":"(anonymous_1)","decl":{"start":{"line":13,"column":12},"end":{"line":13,"column":18}},"loc":{"start":{"line":13,"column":18},"end":{"line":36,"column":5}},"line":13},"2":{"name":"(anonymous_2)","decl":{"start":{"line":25,"column":11},"end":{"line":25,"column":17}},"loc":{"start":{"line":25,"column":17},"end":{"line":35,"column":null}},"line":25}},"branchMap":{"0":{"loc":{"start":{"line":15,"column":4},"end":{"line":22,"column":null}},"type":"if","locations":[{"start":{"line":15,"column":4},"end":{"line":22,"column":null}},{"start":{},"end":{}}],"line":15},"1":{"loc":{"start":{"line":19,"column":6},"end":{"line":21,"column":null}},"type":"if","locations":[{"start":{"line":19,"column":6},"end":{"line":21,"column":null}},{"start":{},"end":{}}],"line":19},"2":{"loc":{"start":{"line":26,"column":6},"end":{"line":29,"column":null}},"type":"if","locations":[{"start":{"line":26,"column":6},"end":{"line":29,"column":null}},{"start":{},"end":{}}],"line":26},"3":{"loc":{"start":{"line":32,"column":6},"end":{"line":34,"column":null}},"type":"if","locations":[{"start":{"line":32,"column":6},"end":{"line":34,"column":null}},{"start":{},"end":{}}],"line":32}},"s":{"0":14,"1":14,"2":12,"3":12,"4":12,"5":2,"6":12,"7":12,"8":12,"9":12,"10":12,"11":2,"12":14},"f":{"0":14,"1":12,"2":12},"b":{"0":[12,0],"1":[2,10],"2":[12,0],"3":[2,10]},"meta":{"lastBranch":4,"lastFunction":3,"lastStatement":13,"seen":{"f:10:16:10:27":0,"s:11:8:11:Infinity":0,"s:13:2:36:Infinity":1,"f:13:12:13:18":1,"b:15:4:22:Infinity:undefined:undefined:undefined:undefined":0,"s:15:4:22:Infinity":2,"s:16:6:16:Infinity":3,"b:19:6:21:Infinity:undefined:undefined:undefined:undefined":1,"s:19:6:21:Infinity":4,"s:20:8:20:Infinity":5,"s:25:4:35:Infinity":6,"f:25:11:25:17":2,"b:26:6:29:Infinity:undefined:undefined:undefined:undefined":2,"s:26:6:29:Infinity":7,"s:27:8:27:Infinity":8,"s:28:8:28:Infinity":9,"b:32:6:34:Infinity:undefined:undefined:undefined:undefined":3,"s:32:6:34:Infinity":10,"s:33:8:33:Infinity":11,"s:38:2:38:Infinity":12}}},"/home/mtomcal/code/stick-rumble-worktrees/stick-rumble-b05/stick-rumble-client/src/ui/match/MatchEndScreen.tsx":{"path":"/home/mtomcal/code/stick-rumble-worktrees/stick-rumble-b05/stick-rumble-client/src/ui/match/MatchEndScreen.tsx","statementMap":{"0":{"start":{"line":13,"column":32},"end":{"line":13,"column":null}},"1":{"start":{"line":16,"column":24},"end":{"line":21,"column":null}},"2":{"start":{"line":17,"column":4},"end":{"line":19,"column":null}},"3":{"start":{"line":18,"column":6},"end":{"line":18,"column":null}},"4":{"start":{"line":20,"column":4},"end":{"line":20,"column":null}},"5":{"start":{"line":24,"column":22},"end":{"line":24,"column":null}},"6":{"start":{"line":24,"column":54},"end":{"line":24,"column":82}},"7":{"start":{"line":25,"column":26},"end":{"line":25,"column":null}},"8":{"start":{"line":25,"column":55},"end":{"line":25,"column":83}},"9":{"start":{"line":26,"column":19},"end":{"line":26,"column":null}},"10":{"start":{"line":27,"column":21},"end":{"line":27,"column":null}},"11":{"start":{"line":30,"column":27},"end":{"line":30,"column":null}},"12":{"start":{"line":31,"column":8},"end":{"line":31,"column":null}},"13":{"start":{"line":34,"column":2},"end":{"line":43,"column":null}},"14":{"start":{"line":35,"column":26},"end":{"line":39,"column":null}},"15":{"start":{"line":36,"column":6},"end":{"line":38,"column":null}},"16":{"start":{"line":37,"column":8},"end":{"line":37,"column":null}},"17":{"start":{"line":41,"column":4},"end":{"line":41,"column":null}},"18":{"start":{"line":42,"column":4},"end":{"line":42,"column":null}},"19":{"start":{"line":42,"column":17},"end":{"line":42,"column":null}},"20":{"start":{"line":46,"column":2},"end":{"line":54,"column":null}},"21":{"start":{"line":47,"column":4},"end":{"line":47,"column":null}},"22":{"start":{"line":47,"column":24},"end":{"line":47,"column":null}},"23":{"start":{"line":49,"column":18},"end":{"line":51,"column":null}},"24":{"start":{"line":50,"column":6},"end":{"line":50,"column":null}},"25":{"start":{"line":50,"column":27},"end":{"line":50,"column":48}},"26":{"start":{"line":53,"column":4},"end":{"line":53,"column":null}},"27":{"start":{"line":53,"column":17},"end":{"line":53,"column":null}},"28":{"start":{"line":56,"column":30},"end":{"line":60,"column":null}},"29":{"start":{"line":57,"column":4},"end":{"line":59,"column":null}},"30":{"start":{"line":58,"column":6},"end":{"line":58,"column":null}},"31":{"start":{"line":62,"column":26},"end":{"line":64,"column":null}},"32":{"start":{"line":63,"column":4},"end":{"line":63,"column":null}},"33":{"start":{"line":66,"column":24},"end":{"line":84,"column":null}},"34":{"start":{"line":67,"column":4},"end":{"line":69,"column":null}},"35":{"start":{"line":68,"column":6},"end":{"line":68,"column":null}},"36":{"start":{"line":71,"column":4},"end":{"line":77,"column":null}},"37":{"start":{"line":72,"column":6},"end":{"line":75,"column":null}},"38":{"start":{"line":79,"column":4},"end":{"line":82,"column":null}},"39":{"start":{"line":86,"column":2},"end":{"line":171,"column":null}},"40":{"start":{"line":92,"column":24},"end":{"line":92,"column":null}},"41":{"start":{"line":119,"column":18},"end":{"line":127,"column":null}}},"fnMap":{"0":{"name":"MatchEndScreen","decl":{"start":{"line":12,"column":16},"end":{"line":12,"column":31}},"loc":{"start":{"line":12,"column":91},"end":{"line":173,"column":null}},"line":12},"1":{"name":"(anonymous_1)","decl":{"start":{"line":16,"column":56},"end":{"line":16,"column":57}},"loc":{"start":{"line":16,"column":66},"end":{"line":21,"column":3}},"line":16},"2":{"name":"(anonymous_2)","decl":{"start":{"line":24,"column":49},"end":{"line":24,"column":54}},"loc":{"start":{"line":24,"column":54},"end":{"line":24,"column":82}},"line":24},"3":{"name":"(anonymous_3)","decl":{"start":{"line":25,"column":50},"end":{"line":25,"column":55}},"loc":{"start":{"line":25,"column":55},"end":{"line":25,"column":83}},"line":25},"4":{"name":"(anonymous_4)","decl":{"start":{"line":34,"column":12},"end":{"line":34,"column":18}},"loc":{"start":{"line":34,"column":18},"end":{"line":43,"column":5}},"line":34},"5":{"name":"(anonymous_5)","decl":{"start":{"line":35,"column":26},"end":{"line":35,"column":27}},"loc":{"start":{"line":35,"column":48},"end":{"line":39,"column":null}},"line":35},"6":{"name":"(anonymous_6)","decl":{"start":{"line":42,"column":11},"end":{"line":42,"column":17}},"loc":{"start":{"line":42,"column":17},"end":{"line":42,"column":null}},"line":42},"7":{"name":"(anonymous_7)","decl":{"start":{"line":46,"column":12},"end":{"line":46,"column":18}},"loc":{"start":{"line":46,"column":18},"end":{"line":54,"column":5}},"line":46},"8":{"name":"(anonymous_8)","decl":{"start":{"line":49,"column":30},"end":{"line":49,"column":36}},"loc":{"start":{"line":49,"column":36},"end":{"line":51,"column":7}},"line":49},"9":{"name":"(anonymous_9)","decl":{"start":{"line":50,"column":19},"end":{"line":50,"column":27}},"loc":{"start":{"line":50,"column":27},"end":{"line":50,"column":48}},"line":50},"10":{"name":"(anonymous_10)","decl":{"start":{"line":53,"column":11},"end":{"line":53,"column":17}},"loc":{"start":{"line":53,"column":17},"end":{"line":53,"column":null}},"line":53},"11":{"name":"(anonymous_11)","decl":{"start":{"line":56,"column":30},"end":{"line":56,"column":31}},"loc":{"start":{"line":56,"column":71},"end":{"line":60,"column":null}},"line":56},"12":{"name":"(anonymous_12)","decl":{"start":{"line":62,"column":26},"end":{"line":62,"column":32}},"loc":{"start":{"line":62,"column":32},"end":{"line":64,"column":null}},"line":62},"13":{"name":"(anonymous_13)","decl":{"start":{"line":66,"column":24},"end":{"line":66,"column":30}},"loc":{"start":{"line":66,"column":30},"end":{"line":84,"column":null}},"line":66},"14":{"name":"(anonymous_14)","decl":{"start":{"line":92,"column":17},"end":{"line":92,"column":18}},"loc":{"start":{"line":92,"column":24},"end":{"line":92,"column":null}},"line":92},"15":{"name":"(anonymous_15)","decl":{"start":{"line":118,"column":35},"end":{"line":118,"column":36}},"loc":{"start":{"line":119,"column":18},"end":{"line":127,"column":null}},"line":119}},"branchMap":{"0":{"loc":{"start":{"line":17,"column":4},"end":{"line":19,"column":null}},"type":"if","locations":[{"start":{"line":17,"column":4},"end":{"line":19,"column":null}},{"start":{},"end":{}}],"line":17},"1":{"loc":{"start":{"line":27,"column":21},"end":{"line":27,"column":null}},"type":"binary-expr","locations":[{"start":{"line":27,"column":21},"end":{"line":27,"column":44}},{"start":{"line":27,"column":44},"end":{"line":27,"column":null}}],"line":27},"2":{"loc":{"start":{"line":30,"column":27},"end":{"line":30,"column":null}},"type":"binary-expr","locations":[{"start":{"line":30,"column":27},"end":{"line":30,"column":49}},{"start":{"line":30,"column":49},"end":{"line":30,"column":null}}],"line":30},"3":{"loc":{"start":{"line":36,"column":6},"end":{"line":38,"column":null}},"type":"if","locations":[{"start":{"line":36,"column":6},"end":{"line":38,"column":null}},{"start":{},"end":{}}],"line":36},"4":{"loc":{"start":{"line":47,"column":4},"end":{"line":47,"column":null}},"type":"if","locations":[{"start":{"line":47,"column":4},"end":{"line":47,"column":null}},{"start":{},"end":{}}],"line":47},"5":{"loc":{"start":{"line":57,"column":4},"end":{"line":59,"column":null}},"type":"if","locations":[{"start":{"line":57,"column":4},"end":{"line":59,"column":null}},{"start":{},"end":{}}],"line":57},"6":{"loc":{"start":{"line":67,"column":4},"end":{"line":69,"column":null}},"type":"if","locations":[{"start":{"line":67,"column":4},"end":{"line":69,"column":null}},{"start":{},"end":{}}],"line":67},"7":{"loc":{"start":{"line":71,"column":4},"end":{"line":77,"column":null}},"type":"if","locations":[{"start":{"line":71,"column":4},"end":{"line":77,"column":null}},{"start":{},"end":{}}],"line":71},"8":{"loc":{"start":{"line":121,"column":31},"end":{"line":121,"column":null}},"type":"cond-expr","locations":[{"start":{"line":121,"column":67},"end":{"line":121,"column":84}},{"start":{"line":121,"column":84},"end":{"line":121,"column":null}}],"line":121}},"s":{"0":28,"1":28,"2":55,"3":54,"4":1,"5":28,"6":56,"7":28,"8":55,"9":28,"10":28,"11":28,"12":28,"13":28,"14":25,"15":1,"16":1,"17":25,"18":25,"19":25,"20":28,"21":28,"22":1,"23":27,"24":12,"25":12,"26":27,"27":27,"28":28,"29":1,"30":1,"31":28,"32":1,"33":28,"34":28,"35":1,"36":27,"37":26,"38":1,"39":28,"40":3,"41":82},"f":{"0":28,"1":55,"2":56,"3":55,"4":25,"5":1,"6":25,"7":28,"8":12,"9":12,"10":27,"11":1,"12":1,"13":28,"14":3,"15":82},"b":{"0":[54,1],"1":[28,27],"2":[28,1],"3":[1,0],"4":[1,27],"5":[1,0],"6":[1,27],"7":[26,1],"8":[27,55]},"meta":{"lastBranch":9,"lastFunction":16,"lastStatement":42,"seen":{"f:12:16:12:31":0,"s:13:32:13:Infinity":0,"s:16:24:21:Infinity":1,"f:16:56:16:57":1,"b:17:4:19:Infinity:undefined:undefined:undefined:undefined":0,"s:17:4:19:Infinity":2,"s:18:6:18:Infinity":3,"s:20:4:20:Infinity":4,"s:24:22:24:Infinity":5,"f:24:49:24:54":2,"s:24:54:24:82":6,"s:25:26:25:Infinity":7,"f:25:50:25:55":3,"s:25:55:25:83":8,"s:26:19:26:Infinity":9,"s:27:21:27:Infinity":10,"b:27:21:27:44:27:44:27:Infinity":1,"s:30:27:30:Infinity":11,"b:30:27:30:49:30:49:30:Infinity":2,"s:31:8:31:Infinity":12,"s:34:2:43:Infinity":13,"f:34:12:34:18":4,"s:35:26:39:Infinity":14,"f:35:26:35:27":5,"b:36:6:38:Infinity:undefined:undefined:undefined:undefined":3,"s:36:6:38:Infinity":15,"s:37:8:37:Infinity":16,"s:41:4:41:Infinity":17,"s:42:4:42:Infinity":18,"f:42:11:42:17":6,"s:42:17:42:Infinity":19,"s:46:2:54:Infinity":20,"f:46:12:46:18":7,"b:47:4:47:Infinity:undefined:undefined:undefined:undefined":4,"s:47:4:47:Infinity":21,"s:47:24:47:Infinity":22,"s:49:18:51:Infinity":23,"f:49:30:49:36":8,"s:50:6:50:Infinity":24,"f:50:19:50:27":9,"s:50:27:50:48":25,"s:53:4:53:Infinity":26,"f:53:11:53:17":10,"s:53:17:53:Infinity":27,"s:56:30:60:Infinity":28,"f:56:30:56:31":11,"b:57:4:59:Infinity:undefined:undefined:undefined:undefined":5,"s:57:4:59:Infinity":29,"s:58:6:58:Infinity":30,"s:62:26:64:Infinity":31,"f:62:26:62:32":12,"s:63:4:63:Infinity":32,"s:66:24:84:Infinity":33,"f:66:24:66:30":13,"b:67:4:69:Infinity:undefined:undefined:undefined:undefined":6,"s:67:4:69:Infinity":34,"s:68:6:68:Infinity":35,"b:71:4:77:Infinity:undefined:undefined:undefined:undefined":7,"s:71:4:77:Infinity":36,"s:72:6:75:Infinity":37,"s:79:4:82:Infinity":38,"s:86:2:171:Infinity":39,"f:92:17:92:18":14,"s:92:24:92:Infinity":40,"f:118:35:118:36":15,"s:119:18:127:Infinity":41,"b:121:67:121:84:121:84:121:Infinity":8}}},"/home/mtomcal/code/stick-rumble-worktrees/stick-rumble-b05/stick-rumble-client/src/shared/types.ts":{"path":"/home/mtomcal/code/stick-rumble-worktrees/stick-rumble-b05/stick-rumble-client/src/shared/types.ts","statementMap":{},"fnMap":{},"branchMap":{},"s":{},"f":{},"b":{},"meta":{"lastBranch":0,"lastFunction":0,"lastStatement":0,"seen":{}}},"/home/mtomcal/code/stick-rumble-worktrees/stick-rumble-b05/stick-rumble-client/src/global.d.ts":{"path":"/home/mtomcal/code/stick-rumble-worktrees/stick-rumble-b05/stick-rumble-client/src/global.d.ts","statementMap":{},"fnMap":{},"branchMap":{},"s":{},"f":{},"b":{},"meta":{"lastBranch":0,"lastFunction":0,"lastStatement":0,"seen":{}}}}}