{"numTotalTestSuites":424,"numPassedTestSuites":424,"numFailedTestSuites":0,"numPendingTestSuites":0,"numTotalTests":1196,"numPassedTests":1172,"numFailedTests":0,"numPendingTests":24,"numTodoTests":0,"snapshot":{"added":0,"failure":false,"filesAdded":0,"filesRemoved":0,"filesRemovedList":[],"filesUnmatched":0,"filesUpdated":0,"matched":0,"total":0,"unchecked":0,"uncheckedKeysByFile":[],"unmatched":0,"updated":0,"didUpdate":false},"startTime":1769838150947,"success":true,"testResults":[{"assertionResults":[{"ancestorTitles":["App"],"fullName":"App should render the main app container","status":"passed","title":"should render the main app container","duration":297.83160399999997,"failureMessages":[],"meta":{}},{"ancestorTitles":["App"],"fullName":"App should render the game title","status":"passed","title":"should render the game title","duration":47.079783000000134,"failureMessages":[],"meta":{}},{"ancestorTitles":["App"],"fullName":"App should render title as h1 element","status":"passed","title":"should render title as h1 element","duration":1096.944928,"failureMessages":[],"meta":{}},{"ancestorTitles":["App"],"fullName":"App should render title with centered text alignment","status":"passed","title":"should render title with centered text alignment","duration":284.5003779999997,"failureMessages":[],"meta":{}},{"ancestorTitles":["App"],"fullName":"App should render title with white color","status":"passed","title":"should render title with white color","duration":206.48264199999994,"failureMessages":[],"meta":{}},{"ancestorTitles":["App"],"fullName":"App should render PhaserGame component","status":"passed","title":"should render PhaserGame component","duration":14.464938999999504,"failureMessages":[],"meta":{}},{"ancestorTitles":["App"],"fullName":"App should render components in correct order","status":"passed","title":"should render components in correct order","duration":19.866460999999617,"failureMessages":[],"meta":{}},{"ancestorTitles":["App","Match End Integration"],"fullName":"App Match End Integration should not show match end screen initially","status":"passed","title":"should not show match end screen initially","duration":9.17965600000025,"failureMessages":[],"meta":{}},{"ancestorTitles":["App","Match End Integration"],"fullName":"App Match End Integration should show match end screen when match ends","status":"passed","title":"should show match end screen when match ends","duration":35.09845899999982,"failureMessages":[],"meta":{}},{"ancestorTitles":["App","Match End Integration"],"fullName":"App Match End Integration should close match end screen when close is called","status":"passed","title":"should close match end screen when close is called","duration":55.67865999999958,"failureMessages":[],"meta":{}},{"ancestorTitles":["App","Play Again functionality"],"fullName":"App Play Again functionality should pass onPlayAgain callback to MatchEndScreen","status":"passed","title":"should pass onPlayAgain callback to MatchEndScreen","duration":26.323609000000033,"failureMessages":[],"meta":{}},{"ancestorTitles":["App","Play Again functionality"],"fullName":"App Play Again functionality should clear match end data when window.restartGame is called","status":"passed","title":"should clear match end data when window.restartGame is called","duration":26.107310000000325,"failureMessages":[],"meta":{}},{"ancestorTitles":["App","Play Again functionality"],"fullName":"App Play Again functionality should handle case where window.restartGame is undefined","status":"passed","title":"should handle case where window.restartGame is undefined","duration":25.41198600000007,"failureMessages":[],"meta":{}}],"startTime":1769838155087,"endTime":1769838157238.4119,"status":"passed","message":"","name":"/home/mtomcal/code/stick-rumble-worktrees/stick-rumble-gxw/stick-rumble-client/src/App.test.tsx"},{"assertionResults":[{"ancestorTitles":["EntityTestScene - Target Visibility Controls","Scene Initialization"],"fullName":"EntityTestScene - Target Visibility Controls Scene Initialization should not draw projectile target on scene initialization","status":"passed","title":"should not draw projectile target on scene initialization","duration":64.42597800000021,"failureMessages":[],"meta":{}},{"ancestorTitles":["EntityTestScene - Target Visibility Controls","Scene Initialization"],"fullName":"EntityTestScene - Target Visibility Controls Scene Initialization should create graphics object for future target rendering","status":"passed","title":"should create graphics object for future target rendering","duration":2.2231730000003154,"failureMessages":[],"meta":{}},{"ancestorTitles":["EntityTestScene - Target Visibility Controls","Window API Exposure"],"fullName":"EntityTestScene - Target Visibility Controls Window API Exposure should expose showProjectileTarget function on window","status":"passed","title":"should expose showProjectileTarget function on window","duration":13.321487000000161,"failureMessages":[],"meta":{}},{"ancestorTitles":["EntityTestScene - Target Visibility Controls","Window API Exposure"],"fullName":"EntityTestScene - Target Visibility Controls Window API Exposure should expose hideProjectileTarget function on window","status":"passed","title":"should expose hideProjectileTarget function on window","duration":12.85763900000029,"failureMessages":[],"meta":{}},{"ancestorTitles":["EntityTestScene - Target Visibility Controls","Window API Exposure"],"fullName":"EntityTestScene - Target Visibility Controls Window API Exposure should expose all expected test control functions","status":"passed","title":"should expose all expected test control functions","duration":18.983260999999402,"failureMessages":[],"meta":{}},{"ancestorTitles":["EntityTestScene - Target Visibility Controls","showProjectileTarget()"],"fullName":"EntityTestScene - Target Visibility Controls showProjectileTarget() should draw target rings when called","status":"passed","title":"should draw target rings when called","duration":20.539012000000184,"failureMessages":[],"meta":{}},{"ancestorTitles":["EntityTestScene - Target Visibility Controls","showProjectileTarget()"],"fullName":"EntityTestScene - Target Visibility Controls showProjectileTarget() should draw circles at center (400, 300) with correct radii","status":"passed","title":"should draw circles at center (400, 300) with correct radii","duration":25.787687000000005,"failureMessages":[],"meta":{}},{"ancestorTitles":["EntityTestScene - Target Visibility Controls","showProjectileTarget()"],"fullName":"EntityTestScene - Target Visibility Controls showProjectileTarget() should be idempotent when called multiple times","status":"passed","title":"should be idempotent when called multiple times","duration":2.0576109999992696,"failureMessages":[],"meta":{}},{"ancestorTitles":["EntityTestScene - Target Visibility Controls","hideProjectileTarget()"],"fullName":"EntityTestScene - Target Visibility Controls hideProjectileTarget() should clear target rings when called","status":"passed","title":"should clear target rings when called","duration":21.77603100000033,"failureMessages":[],"meta":{}},{"ancestorTitles":["EntityTestScene - Target Visibility Controls","hideProjectileTarget()"],"fullName":"EntityTestScene - Target Visibility Controls hideProjectileTarget() should not draw anything after clearing","status":"passed","title":"should not draw anything after clearing","duration":16.46354700000029,"failureMessages":[],"meta":{}},{"ancestorTitles":["EntityTestScene - Target Visibility Controls","hideProjectileTarget()"],"fullName":"EntityTestScene - Target Visibility Controls hideProjectileTarget() should be safe to call when target is already hidden","status":"passed","title":"should be safe to call when target is already hidden","duration":12.988687000000027,"failureMessages":[],"meta":{}},{"ancestorTitles":["EntityTestScene - Target Visibility Controls","Target Visibility Toggling"],"fullName":"EntityTestScene - Target Visibility Controls Target Visibility Toggling should support show/hide/show toggle pattern","status":"passed","title":"should support show/hide/show toggle pattern","duration":19.297074999999495,"failureMessages":[],"meta":{}},{"ancestorTitles":["EntityTestScene - Target Visibility Controls","Scene Lifecycle Integration"],"fullName":"EntityTestScene - Target Visibility Controls Scene Lifecycle Integration should hide target when restartScene is called","status":"passed","title":"should hide target when restartScene is called","duration":2.5676149999999325,"failureMessages":[],"meta":{}},{"ancestorTitles":["EntityTestScene - Target Visibility Controls","Scene Lifecycle Integration"],"fullName":"EntityTestScene - Target Visibility Controls Scene Lifecycle Integration should hide target when clearAllSprites is called","status":"passed","title":"should hide target when clearAllSprites is called","duration":9.60475900000074,"failureMessages":[],"meta":{}},{"ancestorTitles":["EntityTestScene - Target Visibility Controls","Scene Lifecycle Integration"],"fullName":"EntityTestScene - Target Visibility Controls Scene Lifecycle Integration should allow re-showing target after restartScene","status":"passed","title":"should allow re-showing target after restartScene","duration":37.62231199999951,"failureMessages":[],"meta":{}},{"ancestorTitles":["EntityTestScene - Target Visibility Controls","Scene Lifecycle Integration"],"fullName":"EntityTestScene - Target Visibility Controls Scene Lifecycle Integration should allow re-showing target after clearAllSprites","status":"passed","title":"should allow re-showing target after clearAllSprites","duration":19.09320000000025,"failureMessages":[],"meta":{}},{"ancestorTitles":["EntityTestScene - Target Visibility Controls","Target Isolation from Projectile Operations"],"fullName":"EntityTestScene - Target Visibility Controls Target Isolation from Projectile Operations should not show target when spawning projectiles without explicit show","status":"passed","title":"should not show target when spawning projectiles without explicit show","duration":20.87738199999967,"failureMessages":[],"meta":{}},{"ancestorTitles":["EntityTestScene - Target Visibility Controls","Target Isolation from Projectile Operations"],"fullName":"EntityTestScene - Target Visibility Controls Target Isolation from Projectile Operations should keep target visible after spawning projectiles if already shown","status":"passed","title":"should keep target visible after spawning projectiles if already shown","duration":2.3366380000006757,"failureMessages":[],"meta":{}},{"ancestorTitles":["EntityTestScene - Target Visibility Controls","Coverage for Private drawProjectileTarget Method"],"fullName":"EntityTestScene - Target Visibility Controls Coverage for Private drawProjectileTarget Method should draw crosshair at center with 10px width and height","status":"passed","title":"should draw crosshair at center with 10px width and height","duration":26.209522999999535,"failureMessages":[],"meta":{}},{"ancestorTitles":["EntityTestScene - Target Visibility Controls","Coverage for Private drawProjectileTarget Method"],"fullName":"EntityTestScene - Target Visibility Controls Coverage for Private drawProjectileTarget Method should apply correct styles to target graphics","status":"passed","title":"should apply correct styles to target graphics","duration":13.703699000000597,"failureMessages":[],"meta":{}}],"startTime":1769838155191,"endTime":1769838155566.7036,"status":"passed","message":"","name":"/home/mtomcal/code/stick-rumble-worktrees/stick-rumble-gxw/stick-rumble-client/src/entity-test-scene.test.ts"},{"assertionResults":[{"ancestorTitles":["Project Setup"],"fullName":"Project Setup Phaser is available","status":"passed","title":"Phaser is available","duration":2.848957000000155,"failureMessages":[],"meta":{}},{"ancestorTitles":["Project Setup"],"fullName":"Project Setup React is available","status":"passed","title":"React is available","duration":0.5800370000001749,"failureMessages":[],"meta":{}}],"startTime":1769838167783,"endTime":1769838167786.58,"status":"passed","message":"","name":"/home/mtomcal/code/stick-rumble-worktrees/stick-rumble-gxw/stick-rumble-client/tests/setup.test.ts"},{"assertionResults":[{"ancestorTitles":["WEAPON constants","PISTOL_DAMAGE"],"fullName":"WEAPON constants PISTOL_DAMAGE should equal 25 to match server PistolDamage constant","status":"passed","title":"should equal 25 to match server PistolDamage constant","duration":2.3712329999998474,"failureMessages":[],"meta":{}},{"ancestorTitles":["WEAPON constants","PISTOL_DAMAGE"],"fullName":"WEAPON constants PISTOL_DAMAGE should result in 4 shots to kill at 100 health","status":"passed","title":"should result in 4 shots to kill at 100 health","duration":0.3294029999997292,"failureMessages":[],"meta":{}},{"ancestorTitles":["WEAPON constants","PISTOL_MAGAZINE_SIZE"],"fullName":"WEAPON constants PISTOL_MAGAZINE_SIZE should equal 15 rounds","status":"passed","title":"should equal 15 rounds","duration":0.3028620000000046,"failureMessages":[],"meta":{}},{"ancestorTitles":["WEAPON constants","PISTOL_FIRE_RATE"],"fullName":"WEAPON constants PISTOL_FIRE_RATE should equal 3 rounds per second","status":"passed","title":"should equal 3 rounds per second","duration":0.21731099999988146,"failureMessages":[],"meta":{}},{"ancestorTitles":["WEAPON constants","PISTOL_RELOAD_TIME"],"fullName":"WEAPON constants PISTOL_RELOAD_TIME should equal 1500ms (1.5 seconds)","status":"passed","title":"should equal 1500ms (1.5 seconds)","duration":0.20421600000008766,"failureMessages":[],"meta":{}}],"startTime":1769838167834,"endTime":1769838167838.2173,"status":"passed","message":"","name":"/home/mtomcal/code/stick-rumble-worktrees/stick-rumble-gxw/stick-rumble-client/src/shared/constants.test.ts"},{"assertionResults":[{"ancestorTitles":["weaponConfig","parseHexColor"],"fullName":"weaponConfig parseHexColor should parse hex color string with 0x prefix","status":"passed","title":"should parse hex color string with 0x prefix","duration":11.575786000000335,"failureMessages":[],"meta":{}},{"ancestorTitles":["weaponConfig","parseHexColor"],"fullName":"weaponConfig parseHexColor should parse hex color string without 0x prefix","status":"passed","title":"should parse hex color string without 0x prefix","duration":0.6051339999999072,"failureMessages":[],"meta":{}},{"ancestorTitles":["weaponConfig","validateWeaponConfig"],"fullName":"weaponConfig validateWeaponConfig should validate a valid weapon config","status":"passed","title":"should validate a valid weapon config","duration":10.156883000000107,"failureMessages":[],"meta":{}},{"ancestorTitles":["weaponConfig","validateWeaponConfig"],"fullName":"weaponConfig validateWeaponConfig should detect missing name","status":"passed","title":"should detect missing name","duration":1.1054300000000694,"failureMessages":[],"meta":{}},{"ancestorTitles":["weaponConfig","validateWeaponConfig"],"fullName":"weaponConfig validateWeaponConfig should detect invalid damage","status":"passed","title":"should detect invalid damage","duration":0.4846159999997326,"failureMessages":[],"meta":{}},{"ancestorTitles":["weaponConfig","validateWeaponConfig"],"fullName":"weaponConfig validateWeaponConfig should detect invalid fire rate","status":"passed","title":"should detect invalid fire rate","duration":0.46224400000028254,"failureMessages":[],"meta":{}},{"ancestorTitles":["weaponConfig","validateWeaponConfig"],"fullName":"weaponConfig validateWeaponConfig should detect invalid range","status":"passed","title":"should detect invalid range","duration":0.431887000000188,"failureMessages":[],"meta":{}},{"ancestorTitles":["weaponConfig","validateWeaponConfig"],"fullName":"weaponConfig validateWeaponConfig should validate ranged weapon has projectile speed","status":"passed","title":"should validate ranged weapon has projectile speed","duration":4.821886999999606,"failureMessages":[],"meta":{}},{"ancestorTitles":["weaponConfig","validateWeaponConfig"],"fullName":"weaponConfig validateWeaponConfig should validate recoil parameters if present","status":"passed","title":"should validate recoil parameters if present","duration":0.6526739999999336,"failureMessages":[],"meta":{}},{"ancestorTitles":["weaponConfig","getWeaponConfigSync"],"fullName":"weaponConfig getWeaponConfigSync should return hardcoded config when not loaded","status":"passed","title":"should return hardcoded config when not loaded","duration":1.991584999999759,"failureMessages":[],"meta":{}},{"ancestorTitles":["weaponConfig","getWeaponConfigSync"],"fullName":"weaponConfig getWeaponConfigSync should return null for invalid weapon","status":"passed","title":"should return null for invalid weapon","duration":0.4139220000001842,"failureMessages":[],"meta":{}},{"ancestorTitles":["weaponConfig","getWeaponConfigSync"],"fullName":"weaponConfig getWeaponConfigSync should return configs for all weapons","status":"passed","title":"should return configs for all weapons","duration":4.549561999999696,"failureMessages":[],"meta":{}},{"ancestorTitles":["weaponConfig","getWeaponConfig"],"fullName":"weaponConfig getWeaponConfig should warn and return hardcoded config when configs not loaded","status":"passed","title":"should warn and return hardcoded config when configs not loaded","duration":4.730293999999958,"failureMessages":[],"meta":{}},{"ancestorTitles":["weaponConfig","loadWeaponConfigs"],"fullName":"weaponConfig loadWeaponConfigs should return cached configs on second call","status":"passed","title":"should return cached configs on second call","duration":8.65455299999985,"failureMessages":[],"meta":{}},{"ancestorTitles":["weaponConfig","loadWeaponConfigs"],"fullName":"weaponConfig loadWeaponConfigs should load configs from fetch","status":"passed","title":"should load configs from fetch","duration":0.7909049999998388,"failureMessages":[],"meta":{}},{"ancestorTitles":["weaponConfig","loadWeaponConfigs"],"fullName":"weaponConfig loadWeaponConfigs should fallback to hardcoded configs on fetch error","status":"passed","title":"should fallback to hardcoded configs on fetch error","duration":33.73598399999992,"failureMessages":[],"meta":{}},{"ancestorTitles":["weaponConfig","loadWeaponConfigs"],"fullName":"weaponConfig loadWeaponConfigs should fallback to hardcoded configs on non-ok response","status":"passed","title":"should fallback to hardcoded configs on non-ok response","duration":16.987868000000162,"failureMessages":[],"meta":{}},{"ancestorTitles":["weaponConfig","Weapon configurations"],"fullName":"weaponConfig Weapon configurations should have valid Pistol config","status":"passed","title":"should have valid Pistol config","duration":0.887869000000137,"failureMessages":[],"meta":{}},{"ancestorTitles":["weaponConfig","Weapon configurations"],"fullName":"weaponConfig Weapon configurations should have valid Bat config","status":"passed","title":"should have valid Bat config","duration":0.5819900000001326,"failureMessages":[],"meta":{}},{"ancestorTitles":["weaponConfig","Weapon configurations"],"fullName":"weaponConfig Weapon configurations should have valid Katana config","status":"passed","title":"should have valid Katana config","duration":0.5418039999999564,"failureMessages":[],"meta":{}},{"ancestorTitles":["weaponConfig","Weapon configurations"],"fullName":"weaponConfig Weapon configurations should have valid Uzi config","status":"passed","title":"should have valid Uzi config","duration":0.7278959999998733,"failureMessages":[],"meta":{}},{"ancestorTitles":["weaponConfig","Weapon configurations"],"fullName":"weaponConfig Weapon configurations should have valid AK47 config","status":"passed","title":"should have valid AK47 config","duration":3.719192000000021,"failureMessages":[],"meta":{}},{"ancestorTitles":["weaponConfig","Weapon configurations"],"fullName":"weaponConfig Weapon configurations should have valid Shotgun config","status":"passed","title":"should have valid Shotgun config","duration":0.5870899999999892,"failureMessages":[],"meta":{}}],"startTime":1769838165196,"endTime":1769838165310.7192,"status":"passed","message":"","name":"/home/mtomcal/code/stick-rumble-worktrees/stick-rumble-gxw/stick-rumble-client/src/shared/weaponConfig.test.ts"},{"assertionResults":[{"ancestorTitles":["AudioManager","constructor"],"fullName":"AudioManager constructor should initialize with default settings","status":"passed","title":"should initialize with default settings","duration":17.75208300000031,"failureMessages":[],"meta":{}},{"ancestorTitles":["AudioManager","playWeaponSound"],"fullName":"AudioManager playWeaponSound should play Uzi fire sound","status":"passed","title":"should play Uzi fire sound","duration":4.843728000000283,"failureMessages":[],"meta":{}},{"ancestorTitles":["AudioManager","playWeaponSound"],"fullName":"AudioManager playWeaponSound should play AK47 fire sound","status":"passed","title":"should play AK47 fire sound","duration":0.9163429999998698,"failureMessages":[],"meta":{}},{"ancestorTitles":["AudioManager","playWeaponSound"],"fullName":"AudioManager playWeaponSound should play Shotgun fire sound","status":"passed","title":"should play Shotgun fire sound","duration":5.820064000000002,"failureMessages":[],"meta":{}},{"ancestorTitles":["AudioManager","playWeaponSound"],"fullName":"AudioManager playWeaponSound should not play sound when muted","status":"passed","title":"should not play sound when muted","duration":1.0183149999998022,"failureMessages":[],"meta":{}},{"ancestorTitles":["AudioManager","playWeaponSound"],"fullName":"AudioManager playWeaponSound should apply volume setting to sound","status":"passed","title":"should apply volume setting to sound","duration":5.643330000000333,"failureMessages":[],"meta":{}},{"ancestorTitles":["AudioManager","playWeaponSound"],"fullName":"AudioManager playWeaponSound should handle unknown weapon type with default sound","status":"passed","title":"should handle unknown weapon type with default sound","duration":1.1257190000001174,"failureMessages":[],"meta":{}},{"ancestorTitles":["AudioManager","playWeaponSound"],"fullName":"AudioManager playWeaponSound should cleanup sound from activeSounds when complete event fires","status":"passed","title":"should cleanup sound from activeSounds when complete event fires","duration":10.884088000000247,"failureMessages":[],"meta":{}},{"ancestorTitles":["AudioManager","playWeaponSound"],"fullName":"AudioManager playWeaponSound should handle sound without play method","status":"passed","title":"should handle sound without play method","duration":10.319531000000097,"failureMessages":[],"meta":{}},{"ancestorTitles":["AudioManager","playWeaponSound"],"fullName":"AudioManager playWeaponSound should handle complete callback when sound not in activeSounds array","status":"passed","title":"should handle complete callback when sound not in activeSounds array","duration":0.8486139999999978,"failureMessages":[],"meta":{}},{"ancestorTitles":["AudioManager","playWeaponSoundPositional"],"fullName":"AudioManager playWeaponSoundPositional should play positional sound for Uzi","status":"passed","title":"should play positional sound for Uzi","duration":1.0899410000001808,"failureMessages":[],"meta":{}},{"ancestorTitles":["AudioManager","playWeaponSoundPositional"],"fullName":"AudioManager playWeaponSoundPositional should not play positional sound when muted","status":"passed","title":"should not play positional sound when muted","duration":0.5439190000001872,"failureMessages":[],"meta":{}},{"ancestorTitles":["AudioManager","playWeaponSoundPositional"],"fullName":"AudioManager playWeaponSoundPositional should calculate pan based on position","status":"passed","title":"should calculate pan based on position","duration":6.278309999999692,"failureMessages":[],"meta":{}},{"ancestorTitles":["AudioManager","playWeaponSoundPositional"],"fullName":"AudioManager playWeaponSoundPositional should calculate pan for sound to the left","status":"passed","title":"should calculate pan for sound to the left","duration":0.84579900000017,"failureMessages":[],"meta":{}},{"ancestorTitles":["AudioManager","playWeaponSoundPositional"],"fullName":"AudioManager playWeaponSoundPositional should reduce volume based on distance","status":"passed","title":"should reduce volume based on distance","duration":0.7303710000001047,"failureMessages":[],"meta":{}},{"ancestorTitles":["AudioManager","playWeaponSoundPositional"],"fullName":"AudioManager playWeaponSoundPositional should not reduce volume below minimum threshold","status":"passed","title":"should not reduce volume below minimum threshold","duration":0.7191299999999501,"failureMessages":[],"meta":{}},{"ancestorTitles":["AudioManager","playWeaponSoundPositional"],"fullName":"AudioManager playWeaponSoundPositional should handle unknown weapon type with default sound","status":"passed","title":"should handle unknown weapon type with default sound","duration":0.7301099999999678,"failureMessages":[],"meta":{}},{"ancestorTitles":["AudioManager","playWeaponSoundPositional"],"fullName":"AudioManager playWeaponSoundPositional should cleanup sound from activeSounds when complete event fires","status":"passed","title":"should cleanup sound from activeSounds when complete event fires","duration":1.2387220000000525,"failureMessages":[],"meta":{}},{"ancestorTitles":["AudioManager","playWeaponSoundPositional"],"fullName":"AudioManager playWeaponSoundPositional should handle sound without play method","status":"passed","title":"should handle sound without play method","duration":0.9368420000000697,"failureMessages":[],"meta":{}},{"ancestorTitles":["AudioManager","playWeaponSoundPositional"],"fullName":"AudioManager playWeaponSoundPositional should handle complete callback when sound not in activeSounds array","status":"passed","title":"should handle complete callback when sound not in activeSounds array","duration":0.7050830000002861,"failureMessages":[],"meta":{}},{"ancestorTitles":["AudioManager","volume controls"],"fullName":"AudioManager volume controls should set volume","status":"passed","title":"should set volume","duration":0.47618999999986045,"failureMessages":[],"meta":{}},{"ancestorTitles":["AudioManager","volume controls"],"fullName":"AudioManager volume controls should clamp volume to 0-1 range","status":"passed","title":"should clamp volume to 0-1 range","duration":0.47813399999995454,"failureMessages":[],"meta":{}},{"ancestorTitles":["AudioManager","volume controls"],"fullName":"AudioManager volume controls should apply volume to scene sound manager","status":"passed","title":"should apply volume to scene sound manager","duration":0.40089800000032483,"failureMessages":[],"meta":{}},{"ancestorTitles":["AudioManager","mute controls"],"fullName":"AudioManager mute controls should mute audio","status":"passed","title":"should mute audio","duration":0.44748600000002625,"failureMessages":[],"meta":{}},{"ancestorTitles":["AudioManager","mute controls"],"fullName":"AudioManager mute controls should unmute audio","status":"passed","title":"should unmute audio","duration":0.44985099999985323,"failureMessages":[],"meta":{}},{"ancestorTitles":["AudioManager","cleanup"],"fullName":"AudioManager cleanup should stop all active sounds on destroy","status":"passed","title":"should stop all active sounds on destroy","duration":0.8583929999999782,"failureMessages":[],"meta":{}},{"ancestorTitles":["AudioManager","cleanup"],"fullName":"AudioManager cleanup should handle destroy when no active sounds","status":"passed","title":"should handle destroy when no active sounds","duration":0.6243199999998978,"failureMessages":[],"meta":{}},{"ancestorTitles":["AudioManager","cleanup"],"fullName":"AudioManager cleanup should handle destroy when sound does not have stop method","status":"passed","title":"should handle destroy when sound does not have stop method","duration":0.8477629999997589,"failureMessages":[],"meta":{}},{"ancestorTitles":["AudioManager","playDodgeRollSound"],"fullName":"AudioManager playDodgeRollSound should play dodge roll whoosh sound","status":"passed","title":"should play dodge roll whoosh sound","duration":0.8641939999997703,"failureMessages":[],"meta":{}},{"ancestorTitles":["AudioManager","playDodgeRollSound"],"fullName":"AudioManager playDodgeRollSound should not play sound when muted","status":"passed","title":"should not play sound when muted","duration":0.4788360000002285,"failureMessages":[],"meta":{}},{"ancestorTitles":["AudioManager","playDodgeRollSound"],"fullName":"AudioManager playDodgeRollSound should apply volume setting to dodge roll sound","status":"passed","title":"should apply volume setting to dodge roll sound","duration":0.6433660000002419,"failureMessages":[],"meta":{}},{"ancestorTitles":["AudioManager","preload"],"fullName":"AudioManager preload should preload weapon sound assets","status":"passed","title":"should preload weapon sound assets","duration":0.9059419999998681,"failureMessages":[],"meta":{}},{"ancestorTitles":["AudioManager","preload"],"fullName":"AudioManager preload should preload effect sound assets","status":"passed","title":"should preload effect sound assets","duration":0.6185600000003433,"failureMessages":[],"meta":{}}],"startTime":1769838153999,"endTime":1769838154081.6187,"status":"passed","message":"","name":"/home/mtomcal/code/stick-rumble-worktrees/stick-rumble-gxw/stick-rumble-client/src/game/audio/AudioManager.test.ts"},{"assertionResults":[{"ancestorTitles":["GameConfig"],"fullName":"GameConfig should have correct game dimensions","status":"passed","title":"should have correct game dimensions","duration":1.9265519999999015,"failureMessages":[],"meta":{}},{"ancestorTitles":["GameConfig"],"fullName":"GameConfig should use AUTO render type","status":"passed","title":"should use AUTO render type","duration":0.3202559999999721,"failureMessages":[],"meta":{}},{"ancestorTitles":["GameConfig"],"fullName":"GameConfig should target game-container parent element","status":"passed","title":"should target game-container parent element","duration":0.21579800000017713,"failureMessages":[],"meta":{}},{"ancestorTitles":["GameConfig"],"fullName":"GameConfig should have correct background color","status":"passed","title":"should have correct background color","duration":0.2702910000002703,"failureMessages":[],"meta":{}},{"ancestorTitles":["GameConfig"],"fullName":"GameConfig should configure arcade physics","status":"passed","title":"should configure arcade physics","duration":0.33334000000013475,"failureMessages":[],"meta":{}},{"ancestorTitles":["GameConfig"],"fullName":"GameConfig should have zero gravity by default","status":"passed","title":"should have zero gravity by default","duration":0.34114499999986947,"failureMessages":[],"meta":{}},{"ancestorTitles":["GameConfig"],"fullName":"GameConfig should have debug disabled in physics","status":"passed","title":"should have debug disabled in physics","duration":0.13302100000009887,"failureMessages":[],"meta":{}},{"ancestorTitles":["GameConfig"],"fullName":"GameConfig should include GameScene in scene array","status":"passed","title":"should include GameScene in scene array","duration":0.20232199999963996,"failureMessages":[],"meta":{}},{"ancestorTitles":["GameConfig"],"fullName":"GameConfig should have FIT scale mode","status":"passed","title":"should have FIT scale mode","duration":0.1170710000001236,"failureMessages":[],"meta":{}},{"ancestorTitles":["GameConfig"],"fullName":"GameConfig should center game on both axes","status":"passed","title":"should center game on both axes","duration":0.09414799999967727,"failureMessages":[],"meta":{}},{"ancestorTitles":["GameConfig"],"fullName":"GameConfig should be a valid Phaser game config","status":"passed","title":"should be a valid Phaser game config","duration":0.2126109999999244,"failureMessages":[],"meta":{}}],"startTime":1769838168049,"endTime":1769838168053.2126,"status":"passed","message":"","name":"/home/mtomcal/code/stick-rumble-worktrees/stick-rumble-gxw/stick-rumble-client/src/game/config/GameConfig.test.ts"},{"assertionResults":[{"ancestorTitles":["ScreenShake","Bat hit shake"],"fullName":"ScreenShake Bat hit shake should trigger screen shake on Bat hit","status":"passed","title":"should trigger screen shake on Bat hit","duration":38.30153599999994,"failureMessages":[],"meta":{}},{"ancestorTitles":["ScreenShake","Bat hit shake"],"fullName":"ScreenShake Bat hit shake should use appropriate intensity for Bat hit","status":"passed","title":"should use appropriate intensity for Bat hit","duration":1.039335000000392,"failureMessages":[],"meta":{}},{"ancestorTitles":["ScreenShake","Bat hit shake"],"fullName":"ScreenShake Bat hit shake should shake for short duration (satisfying thwack feel)","status":"passed","title":"should shake for short duration (satisfying thwack feel)","duration":0.732274999999845,"failureMessages":[],"meta":{}},{"ancestorTitles":["ScreenShake","Bat hit shake"],"fullName":"ScreenShake Bat hit shake should allow multiple shakes in sequence","status":"passed","title":"should allow multiple shakes in sequence","duration":5.271036000000095,"failureMessages":[],"meta":{}},{"ancestorTitles":["ScreenShake","Custom shake"],"fullName":"ScreenShake Custom shake should allow custom shake with specified duration and intensity","status":"passed","title":"should allow custom shake with specified duration and intensity","duration":14.183888000000024,"failureMessages":[],"meta":{}},{"ancestorTitles":["ScreenShake","Custom shake"],"fullName":"ScreenShake Custom shake should handle zero intensity gracefully","status":"passed","title":"should handle zero intensity gracefully","duration":3.8132399999999507,"failureMessages":[],"meta":{}},{"ancestorTitles":["ScreenShake","Custom shake"],"fullName":"ScreenShake Custom shake should handle very short duration","status":"passed","title":"should handle very short duration","duration":4.017065000000002,"failureMessages":[],"meta":{}},{"ancestorTitles":["ScreenShake","Custom shake"],"fullName":"ScreenShake Custom shake should handle long duration shake","status":"passed","title":"should handle long duration shake","duration":0.6085710000002109,"failureMessages":[],"meta":{}},{"ancestorTitles":["ScreenShake","Configuration"],"fullName":"ScreenShake Configuration should use default intensity if not specified","status":"passed","title":"should use default intensity if not specified","duration":0.5717410000002019,"failureMessages":[],"meta":{}},{"ancestorTitles":["ScreenShake","Configuration"],"fullName":"ScreenShake Configuration should allow custom default intensity","status":"passed","title":"should allow custom default intensity","duration":9.567489000000023,"failureMessages":[],"meta":{}},{"ancestorTitles":["ScreenShake","Edge cases"],"fullName":"ScreenShake Edge cases should not throw when camera is null","status":"passed","title":"should not throw when camera is null","duration":2.025499999999738,"failureMessages":[],"meta":{}},{"ancestorTitles":["ScreenShake","Edge cases"],"fullName":"ScreenShake Edge cases should not throw when shake is called rapidly","status":"passed","title":"should not throw when shake is called rapidly","duration":9.370346000000154,"failureMessages":[],"meta":{}},{"ancestorTitles":["ScreenShake","Weapon recoil shake (Story 3.3 Polish)"],"fullName":"ScreenShake Weapon recoil shake (Story 3.3 Polish) should shake with Uzi intensity","status":"passed","title":"should shake with Uzi intensity","duration":0.661630999999943,"failureMessages":[],"meta":{}},{"ancestorTitles":["ScreenShake","Weapon recoil shake (Story 3.3 Polish)"],"fullName":"ScreenShake Weapon recoil shake (Story 3.3 Polish) should shake with AK47 intensity","status":"passed","title":"should shake with AK47 intensity","duration":0.5660200000002078,"failureMessages":[],"meta":{}},{"ancestorTitles":["ScreenShake","Weapon recoil shake (Story 3.3 Polish)"],"fullName":"ScreenShake Weapon recoil shake (Story 3.3 Polish) should shake with Shotgun intensity","status":"passed","title":"should shake with Shotgun intensity","duration":0.5642569999999978,"failureMessages":[],"meta":{}},{"ancestorTitles":["ScreenShake","Weapon recoil shake (Story 3.3 Polish)"],"fullName":"ScreenShake Weapon recoil shake (Story 3.3 Polish) should be case insensitive","status":"passed","title":"should be case insensitive","duration":0.5436879999997473,"failureMessages":[],"meta":{}},{"ancestorTitles":["ScreenShake","Weapon recoil shake (Story 3.3 Polish)"],"fullName":"ScreenShake Weapon recoil shake (Story 3.3 Polish) should NOT shake for Pistol","status":"passed","title":"should NOT shake for Pistol","duration":0.4214470000001711,"failureMessages":[],"meta":{}},{"ancestorTitles":["ScreenShake","Weapon recoil shake (Story 3.3 Polish)"],"fullName":"ScreenShake Weapon recoil shake (Story 3.3 Polish) should NOT shake for Bat","status":"passed","title":"should NOT shake for Bat","duration":27.859774000000016,"failureMessages":[],"meta":{}},{"ancestorTitles":["ScreenShake","Weapon recoil shake (Story 3.3 Polish)"],"fullName":"ScreenShake Weapon recoil shake (Story 3.3 Polish) should NOT shake for Katana","status":"passed","title":"should NOT shake for Katana","duration":0.48649999999997817,"failureMessages":[],"meta":{}},{"ancestorTitles":["ScreenShake","Weapon recoil shake (Story 3.3 Polish)"],"fullName":"ScreenShake Weapon recoil shake (Story 3.3 Polish) should NOT shake for unknown weapon","status":"passed","title":"should NOT shake for unknown weapon","duration":0.4026410000001306,"failureMessages":[],"meta":{}},{"ancestorTitles":["ScreenShake","Weapon recoil shake (Story 3.3 Polish)"],"fullName":"ScreenShake Weapon recoil shake (Story 3.3 Polish) should use appropriate duration for recoil","status":"passed","title":"should use appropriate duration for recoil","duration":0.4924310000001242,"failureMessages":[],"meta":{}}],"startTime":1769838165362,"endTime":1769838165485.4924,"status":"passed","message":"","name":"/home/mtomcal/code/stick-rumble-worktrees/stick-rumble-gxw/stick-rumble-client/src/game/effects/ScreenShake.test.ts"},{"assertionResults":[{"ancestorTitles":["Crosshair","constructor"],"fullName":"Crosshair constructor should create graphics object with correct settings","status":"passed","title":"should create graphics object with correct settings","duration":35.16209099999969,"failureMessages":[],"meta":{}},{"ancestorTitles":["Crosshair","constructor"],"fullName":"Crosshair constructor should initialize as visible by default","status":"passed","title":"should initialize as visible by default","duration":7.214630999999827,"failureMessages":[],"meta":{}},{"ancestorTitles":["Crosshair","update"],"fullName":"Crosshair update should follow mouse cursor position","status":"passed","title":"should follow mouse cursor position","duration":11.301989000000049,"failureMessages":[],"meta":{}},{"ancestorTitles":["Crosshair","update"],"fullName":"Crosshair update should render static crosshair when player is stationary","status":"passed","title":"should render static crosshair when player is stationary","duration":1.0487630000002355,"failureMessages":[],"meta":{}},{"ancestorTitles":["Crosshair","update"],"fullName":"Crosshair update should expand crosshair when player is moving","status":"passed","title":"should expand crosshair when player is moving","duration":1.5039730000003146,"failureMessages":[],"meta":{}},{"ancestorTitles":["Crosshair","update"],"fullName":"Crosshair update should use weapon-specific spread for Uzi (5 degrees)","status":"passed","title":"should use weapon-specific spread for Uzi (5 degrees)","duration":15.818287999999939,"failureMessages":[],"meta":{}},{"ancestorTitles":["Crosshair","update"],"fullName":"Crosshair update should use weapon-specific spread for AK47 (3 degrees)","status":"passed","title":"should use weapon-specific spread for AK47 (3 degrees)","duration":3.853946000000178,"failureMessages":[],"meta":{}},{"ancestorTitles":["Crosshair","update"],"fullName":"Crosshair update should use weapon-specific spread for Shotgun (15 degrees cone)","status":"passed","title":"should use weapon-specific spread for Shotgun (15 degrees cone)","duration":4.069093000000066,"failureMessages":[],"meta":{}},{"ancestorTitles":["Crosshair","update"],"fullName":"Crosshair update should not render when hidden","status":"passed","title":"should not render when hidden","duration":3.0705950000001394,"failureMessages":[],"meta":{}},{"ancestorTitles":["Crosshair","setWeaponType"],"fullName":"Crosshair setWeaponType should accept Uzi weapon type","status":"passed","title":"should accept Uzi weapon type","duration":0.7235679999998865,"failureMessages":[],"meta":{}},{"ancestorTitles":["Crosshair","setWeaponType"],"fullName":"Crosshair setWeaponType should accept AK47 weapon type","status":"passed","title":"should accept AK47 weapon type","duration":3.991747000000032,"failureMessages":[],"meta":{}},{"ancestorTitles":["Crosshair","setWeaponType"],"fullName":"Crosshair setWeaponType should accept Shotgun weapon type","status":"passed","title":"should accept Shotgun weapon type","duration":0.6078400000001238,"failureMessages":[],"meta":{}},{"ancestorTitles":["Crosshair","setWeaponType"],"fullName":"Crosshair setWeaponType should handle melee weapons by hiding crosshair","status":"passed","title":"should handle melee weapons by hiding crosshair","duration":0.7632539999999608,"failureMessages":[],"meta":{}},{"ancestorTitles":["Crosshair","setWeaponType"],"fullName":"Crosshair setWeaponType should handle katana by hiding crosshair","status":"passed","title":"should handle katana by hiding crosshair","duration":0.6947639999998501,"failureMessages":[],"meta":{}},{"ancestorTitles":["Crosshair","show/hide"],"fullName":"Crosshair show/hide should show crosshair","status":"passed","title":"should show crosshair","duration":2.156848000000082,"failureMessages":[],"meta":{}},{"ancestorTitles":["Crosshair","show/hide"],"fullName":"Crosshair show/hide should hide crosshair","status":"passed","title":"should hide crosshair","duration":0.782799999999952,"failureMessages":[],"meta":{}},{"ancestorTitles":["Crosshair","show/hide"],"fullName":"Crosshair show/hide should hide when spectating","status":"passed","title":"should hide when spectating","duration":2.9882599999996273,"failureMessages":[],"meta":{}},{"ancestorTitles":["Crosshair","show/hide"],"fullName":"Crosshair show/hide should show when exiting spectator mode","status":"passed","title":"should show when exiting spectator mode","duration":0.7083990000000995,"failureMessages":[],"meta":{}},{"ancestorTitles":["Crosshair","destroy"],"fullName":"Crosshair destroy should destroy graphics object","status":"passed","title":"should destroy graphics object","duration":0.6933810000000449,"failureMessages":[],"meta":{}},{"ancestorTitles":["Crosshair","destroy"],"fullName":"Crosshair destroy should handle multiple destroy calls safely","status":"passed","title":"should handle multiple destroy calls safely","duration":6.230619999999817,"failureMessages":[],"meta":{}},{"ancestorTitles":["Crosshair","spread indicator rendering"],"fullName":"Crosshair spread indicator rendering should render larger spread circle for moving player","status":"passed","title":"should render larger spread circle for moving player","duration":0.6615710000000945,"failureMessages":[],"meta":{}},{"ancestorTitles":["Crosshair","spread indicator rendering"],"fullName":"Crosshair spread indicator rendering should interpolate spread smoothly","status":"passed","title":"should interpolate spread smoothly","duration":1.2623360000002322,"failureMessages":[],"meta":{}},{"ancestorTitles":["Crosshair","visual feedback"],"fullName":"Crosshair visual feedback should use white color for crosshair lines","status":"passed","title":"should use white color for crosshair lines","duration":0.9543640000001687,"failureMessages":[],"meta":{}},{"ancestorTitles":["Crosshair","visual feedback"],"fullName":"Crosshair visual feedback should show red spread indicator when moving","status":"passed","title":"should show red spread indicator when moving","duration":5.425878999999895,"failureMessages":[],"meta":{}},{"ancestorTitles":["Crosshair","edge cases and branch coverage"],"fullName":"Crosshair edge cases and branch coverage should use fallback spread degrees when weapon type is unknown","status":"passed","title":"should use fallback spread degrees when weapon type is unknown","duration":0.7749350000003687,"failureMessages":[],"meta":{}},{"ancestorTitles":["Crosshair","edge cases and branch coverage"],"fullName":"Crosshair edge cases and branch coverage should not update when graphics is null","status":"passed","title":"should not update when graphics is null","duration":0.7181680000003325,"failureMessages":[],"meta":{}},{"ancestorTitles":["Crosshair","edge cases and branch coverage"],"fullName":"Crosshair edge cases and branch coverage should not update when pointer is not available","status":"passed","title":"should not update when pointer is not available","duration":0.9422709999998915,"failureMessages":[],"meta":{}},{"ancestorTitles":["Crosshair","edge cases and branch coverage"],"fullName":"Crosshair edge cases and branch coverage should show crosshair for ranged weapon after switching from melee","status":"passed","title":"should show crosshair for ranged weapon after switching from melee","duration":0.8259020000000419,"failureMessages":[],"meta":{}},{"ancestorTitles":["Crosshair","edge cases and branch coverage"],"fullName":"Crosshair edge cases and branch coverage should not show crosshair for ranged weapon when spectating","status":"passed","title":"should not show crosshair for ranged weapon when spectating","duration":6.404779999999846,"failureMessages":[],"meta":{}},{"ancestorTitles":["Crosshair","edge cases and branch coverage"],"fullName":"Crosshair edge cases and branch coverage should not show melee weapon crosshair after exiting spectator mode","status":"passed","title":"should not show melee weapon crosshair after exiting spectator mode","duration":0.7303109999998014,"failureMessages":[],"meta":{}}],"startTime":1769838160691,"endTime":1769838160817.7302,"status":"passed","message":"","name":"/home/mtomcal/code/stick-rumble-worktrees/stick-rumble-gxw/stick-rumble-client/src/game/entities/Crosshair.test.ts"},{"assertionResults":[{"ancestorTitles":["HealthBar","constructor"],"fullName":"HealthBar constructor should create a health bar with correct initial dimensions","status":"passed","title":"should create a health bar with correct initial dimensions","duration":16.354069999999865,"failureMessages":[],"meta":{}},{"ancestorTitles":["HealthBar","constructor"],"fullName":"HealthBar constructor should initialize with 100 health by default","status":"passed","title":"should initialize with 100 health by default","duration":3.3130740000001424,"failureMessages":[],"meta":{}},{"ancestorTitles":["HealthBar","setHealth"],"fullName":"HealthBar setHealth should update health value","status":"passed","title":"should update health value","duration":0.8684619999999086,"failureMessages":[],"meta":{}},{"ancestorTitles":["HealthBar","setHealth"],"fullName":"HealthBar setHealth should clamp health to 0-100 range (lower bound)","status":"passed","title":"should clamp health to 0-100 range (lower bound)","duration":0.7267240000001038,"failureMessages":[],"meta":{}},{"ancestorTitles":["HealthBar","setHealth"],"fullName":"HealthBar setHealth should clamp health to 0-100 range (upper bound)","status":"passed","title":"should clamp health to 0-100 range (upper bound)","duration":0.7791729999999006,"failureMessages":[],"meta":{}},{"ancestorTitles":["HealthBar","setHealth"],"fullName":"HealthBar setHealth should redraw the health bar when health changes","status":"passed","title":"should redraw the health bar when health changes","duration":1.1138160000000425,"failureMessages":[],"meta":{}},{"ancestorTitles":["HealthBar","setHealth"],"fullName":"HealthBar setHealth should draw gray background with full width","status":"passed","title":"should draw gray background with full width","duration":1.916512999999668,"failureMessages":[],"meta":{}},{"ancestorTitles":["HealthBar","setHealth"],"fullName":"HealthBar setHealth should draw green health fill proportional to health percentage","status":"passed","title":"should draw green health fill proportional to health percentage","duration":0.8088989999996556,"failureMessages":[],"meta":{}},{"ancestorTitles":["HealthBar","setHealth"],"fullName":"HealthBar setHealth should draw zero-width health bar when health is 0","status":"passed","title":"should draw zero-width health bar when health is 0","duration":0.7500480000003336,"failureMessages":[],"meta":{}},{"ancestorTitles":["HealthBar","setHealth"],"fullName":"HealthBar setHealth should draw full-width health bar when health is 100","status":"passed","title":"should draw full-width health bar when health is 100","duration":1.717576999999892,"failureMessages":[],"meta":{}},{"ancestorTitles":["HealthBar","setPosition"],"fullName":"HealthBar setPosition should center the health bar horizontally above the given position","status":"passed","title":"should center the health bar horizontally above the given position","duration":1.9812859999997272,"failureMessages":[],"meta":{}},{"ancestorTitles":["HealthBar","setPosition"],"fullName":"HealthBar setPosition should center the health bar for different positions","status":"passed","title":"should center the health bar for different positions","duration":0.7365930000000844,"failureMessages":[],"meta":{}},{"ancestorTitles":["HealthBar","destroy"],"fullName":"HealthBar destroy should destroy the graphics object","status":"passed","title":"should destroy the graphics object","duration":0.9700640000000931,"failureMessages":[],"meta":{}},{"ancestorTitles":["HealthBar","getHealth"],"fullName":"HealthBar getHealth should return current health value","status":"passed","title":"should return current health value","duration":0.6460320000001047,"failureMessages":[],"meta":{}},{"ancestorTitles":["HealthBar","visual appearance"],"fullName":"HealthBar visual appearance should use gray color (0x888888) for background","status":"passed","title":"should use gray color (0x888888) for background","duration":2.690577000000303,"failureMessages":[],"meta":{}},{"ancestorTitles":["HealthBar","visual appearance"],"fullName":"HealthBar visual appearance should use green color (0x00ff00) for health fill","status":"passed","title":"should use green color (0x00ff00) for health fill","duration":1.853364000000056,"failureMessages":[],"meta":{}}],"startTime":1769838161551,"endTime":1769838161590.8533,"status":"passed","message":"","name":"/home/mtomcal/code/stick-rumble-worktrees/stick-rumble-gxw/stick-rumble-client/src/game/entities/HealthBar.test.ts"},{"assertionResults":[{"ancestorTitles":["HitEffectManager","constructor"],"fullName":"HitEffectManager constructor should create effect manager with specified pool size","status":"passed","title":"should create effect manager with specified pool size","duration":33.35866999999962,"failureMessages":[],"meta":{}},{"ancestorTitles":["HitEffectManager","constructor"],"fullName":"HitEffectManager constructor should pre-create textures for all effect types","status":"passed","title":"should pre-create textures for all effect types","duration":20.28276900000037,"failureMessages":[],"meta":{}},{"ancestorTitles":["HitEffectManager","showBulletImpact"],"fullName":"HitEffectManager showBulletImpact should show bullet impact effect at specified position","status":"passed","title":"should show bullet impact effect at specified position","duration":27.155201999999917,"failureMessages":[],"meta":{}},{"ancestorTitles":["HitEffectManager","showBulletImpact"],"fullName":"HitEffectManager showBulletImpact should fade out bullet impact over 100ms","status":"passed","title":"should fade out bullet impact over 100ms","duration":26.574964999999793,"failureMessages":[],"meta":{}},{"ancestorTitles":["HitEffectManager","showBulletImpact"],"fullName":"HitEffectManager showBulletImpact should return effect to pool after fade completes","status":"passed","title":"should return effect to pool after fade completes","duration":8.05894699999999,"failureMessages":[],"meta":{}},{"ancestorTitles":["HitEffectManager","showBulletImpact"],"fullName":"HitEffectManager showBulletImpact should reuse pooled effects when called multiple times","status":"passed","title":"should reuse pooled effects when called multiple times","duration":13.027871000000232,"failureMessages":[],"meta":{}},{"ancestorTitles":["HitEffectManager","showBulletImpact"],"fullName":"HitEffectManager showBulletImpact should handle pool exhaustion gracefully","status":"passed","title":"should handle pool exhaustion gracefully","duration":10.896661999999651,"failureMessages":[],"meta":{}},{"ancestorTitles":["HitEffectManager","showMeleeHit"],"fullName":"HitEffectManager showMeleeHit should show melee hit effect at specified position","status":"passed","title":"should show melee hit effect at specified position","duration":13.344068999999763,"failureMessages":[],"meta":{}},{"ancestorTitles":["HitEffectManager","showMeleeHit"],"fullName":"HitEffectManager showMeleeHit should fade out melee hit over 100ms","status":"passed","title":"should fade out melee hit over 100ms","duration":11.178675000000112,"failureMessages":[],"meta":{}},{"ancestorTitles":["HitEffectManager","showMeleeHit"],"fullName":"HitEffectManager showMeleeHit should return melee effect to pool after fade","status":"passed","title":"should return melee effect to pool after fade","duration":6.717651000000387,"failureMessages":[],"meta":{}},{"ancestorTitles":["HitEffectManager","showMuzzleFlash"],"fullName":"HitEffectManager showMuzzleFlash should show muzzle flash at specified position","status":"passed","title":"should show muzzle flash at specified position","duration":6.901738999999907,"failureMessages":[],"meta":{}},{"ancestorTitles":["HitEffectManager","showMuzzleFlash"],"fullName":"HitEffectManager showMuzzleFlash should fade out muzzle flash over 100ms","status":"passed","title":"should fade out muzzle flash over 100ms","duration":15.779263999999785,"failureMessages":[],"meta":{}},{"ancestorTitles":["HitEffectManager","showMuzzleFlash"],"fullName":"HitEffectManager showMuzzleFlash should return muzzle flash to pool after fade","status":"passed","title":"should return muzzle flash to pool after fade","duration":3.0391759999997703,"failureMessages":[],"meta":{}},{"ancestorTitles":["HitEffectManager","showMuzzleFlash"],"fullName":"HitEffectManager showMuzzleFlash should accept rotation parameter for directional flash","status":"passed","title":"should accept rotation parameter for directional flash","duration":8.869349000000057,"failureMessages":[],"meta":{}},{"ancestorTitles":["HitEffectManager","destroy"],"fullName":"HitEffectManager destroy should destroy all pooled effects","status":"passed","title":"should destroy all pooled effects","duration":17.695736999999554,"failureMessages":[],"meta":{}},{"ancestorTitles":["HitEffectManager","destroy"],"fullName":"HitEffectManager destroy should throw when trying to show effects after destroy","status":"passed","title":"should throw when trying to show effects after destroy","duration":8.066741000000093,"failureMessages":[],"meta":{}},{"ancestorTitles":["HitEffectManager","destroy"],"fullName":"HitEffectManager destroy should set destroyed flag","status":"passed","title":"should set destroyed flag","duration":3.7699469999997746,"failureMessages":[],"meta":{}},{"ancestorTitles":["HitEffectManager","performance"],"fullName":"HitEffectManager performance should maintain 60 FPS with 8 simultaneous bullet impacts","status":"passed","title":"should maintain 60 FPS with 8 simultaneous bullet impacts","duration":3.3706430000002,"failureMessages":[],"meta":{}},{"ancestorTitles":["HitEffectManager","performance"],"fullName":"HitEffectManager performance should handle rapid consecutive effects without lag","status":"passed","title":"should handle rapid consecutive effects without lag","duration":11.68209700000034,"failureMessages":[],"meta":{}},{"ancestorTitles":["HitEffectManager","visual appearance"],"fullName":"HitEffectManager visual appearance should create yellow bullet impact flash (4x4 pixels)","status":"passed","title":"should create yellow bullet impact flash (4x4 pixels)","duration":69.25583999999981,"failureMessages":[],"meta":{}},{"ancestorTitles":["HitEffectManager","visual appearance"],"fullName":"HitEffectManager visual appearance should create white melee impact lines","status":"passed","title":"should create white melee impact lines","duration":2.744238000000223,"failureMessages":[],"meta":{}},{"ancestorTitles":["HitEffectManager","visual appearance"],"fullName":"HitEffectManager visual appearance should create orange muzzle flash","status":"passed","title":"should create orange muzzle flash","duration":3.6657499999996617,"failureMessages":[],"meta":{}},{"ancestorTitles":["HitEffectManager","depth ordering"],"fullName":"HitEffectManager depth ordering should render effects above players but below UI","status":"passed","title":"should render effects above players but below UI","duration":9.226916000000074,"failureMessages":[],"meta":{}},{"ancestorTitles":["HitEffectManager","concurrent effects"],"fullName":"HitEffectManager concurrent effects should handle multiple effect types simultaneously","status":"passed","title":"should handle multiple effect types simultaneously","duration":11.520892000000003,"failureMessages":[],"meta":{}},{"ancestorTitles":["HitEffectManager","concurrent effects"],"fullName":"HitEffectManager concurrent effects should pool effects by type separately","status":"passed","title":"should pool effects by type separately","duration":4.9969969999997375,"failureMessages":[],"meta":{}},{"ancestorTitles":["HitEffectManager","edge cases"],"fullName":"HitEffectManager edge cases should handle empty pool gracefully by reusing in-use effects","status":"passed","title":"should handle empty pool gracefully by reusing in-use effects","duration":7.017087000000174,"failureMessages":[],"meta":{}},{"ancestorTitles":["HitEffectManager","edge cases"],"fullName":"HitEffectManager edge cases should throw error if pool is somehow completely empty","status":"passed","title":"should throw error if pool is somehow completely empty","duration":2.6653989999999794,"failureMessages":[],"meta":{}}],"startTime":1769838154837,"endTime":1769838155206.6653,"status":"passed","message":"","name":"/home/mtomcal/code/stick-rumble-worktrees/stick-rumble-gxw/stick-rumble-client/src/game/entities/HitEffectManager.test.ts"},{"assertionResults":[{"ancestorTitles":["MeleeWeapon","Bat"],"fullName":"MeleeWeapon Bat should create a Bat with correct stats","status":"passed","title":"should create a Bat with correct stats","duration":10.101238000000194,"failureMessages":[],"meta":{}},{"ancestorTitles":["MeleeWeapon","Bat"],"fullName":"MeleeWeapon Bat should create bat with lowercase type (server format)","status":"passed","title":"should create bat with lowercase type (server format)","duration":1.5857879999998659,"failureMessages":[],"meta":{}},{"ancestorTitles":["MeleeWeapon","Bat"],"fullName":"MeleeWeapon Bat should render 90-degree swing arc for Bat","status":"passed","title":"should render 90-degree swing arc for Bat","duration":1.800944999999956,"failureMessages":[],"meta":{}},{"ancestorTitles":["MeleeWeapon","Bat"],"fullName":"MeleeWeapon Bat should complete swing animation in 0.2s (200ms)","status":"passed","title":"should complete swing animation in 0.2s (200ms)","duration":4.1661370000001625,"failureMessages":[],"meta":{}},{"ancestorTitles":["MeleeWeapon","Bat"],"fullName":"MeleeWeapon Bat should use 4-frame animation (50ms per frame)","status":"passed","title":"should use 4-frame animation (50ms per frame)","duration":2.83261500000026,"failureMessages":[],"meta":{}},{"ancestorTitles":["MeleeWeapon","Bat"],"fullName":"MeleeWeapon Bat should render visual arc based on aim angle","status":"passed","title":"should render visual arc based on aim angle","duration":1.120187999999871,"failureMessages":[],"meta":{}},{"ancestorTitles":["MeleeWeapon","Katana"],"fullName":"MeleeWeapon Katana should create a Katana with correct stats","status":"passed","title":"should create a Katana with correct stats","duration":1.4189830000000256,"failureMessages":[],"meta":{}},{"ancestorTitles":["MeleeWeapon","Katana"],"fullName":"MeleeWeapon Katana should create katana with lowercase type (server format)","status":"passed","title":"should create katana with lowercase type (server format)","duration":0.8148710000000392,"failureMessages":[],"meta":{}},{"ancestorTitles":["MeleeWeapon","Katana"],"fullName":"MeleeWeapon Katana should render longer range than Bat","status":"passed","title":"should render longer range than Bat","duration":1.26280799999995,"failureMessages":[],"meta":{}},{"ancestorTitles":["MeleeWeapon","Katana"],"fullName":"MeleeWeapon Katana should have different visual appearance from Bat","status":"passed","title":"should have different visual appearance from Bat","duration":0.7897940000002563,"failureMessages":[],"meta":{}},{"ancestorTitles":["MeleeWeapon","Swing state management"],"fullName":"MeleeWeapon Swing state management should not allow starting new swing while swinging","status":"passed","title":"should not allow starting new swing while swinging","duration":0.8243990000000849,"failureMessages":[],"meta":{}},{"ancestorTitles":["MeleeWeapon","Swing state management"],"fullName":"MeleeWeapon Swing state management should allow new swing after previous completes","status":"passed","title":"should allow new swing after previous completes","duration":0.7700159999999414,"failureMessages":[],"meta":{}},{"ancestorTitles":["MeleeWeapon","Swing state management"],"fullName":"MeleeWeapon Swing state management should hide swing animation when not swinging","status":"passed","title":"should hide swing animation when not swinging","duration":0.8478430000000117,"failureMessages":[],"meta":{}},{"ancestorTitles":["MeleeWeapon","Position updates"],"fullName":"MeleeWeapon Position updates should update position when setPosition is called","status":"passed","title":"should update position when setPosition is called","duration":0.7292680000000473,"failureMessages":[],"meta":{}},{"ancestorTitles":["MeleeWeapon","Position updates"],"fullName":"MeleeWeapon Position updates should follow player position during swing","status":"passed","title":"should follow player position during swing","duration":0.7704069999999774,"failureMessages":[],"meta":{}},{"ancestorTitles":["MeleeWeapon","Cleanup"],"fullName":"MeleeWeapon Cleanup should destroy graphics on destroy","status":"passed","title":"should destroy graphics on destroy","duration":0.6902350000000297,"failureMessages":[],"meta":{}},{"ancestorTitles":["MeleeWeapon","Cleanup"],"fullName":"MeleeWeapon Cleanup should clear swing state on destroy","status":"passed","title":"should clear swing state on destroy","duration":2.448689000000286,"failureMessages":[],"meta":{}},{"ancestorTitles":["MeleeWeapon","Phase 3 Critical: Rendering Validation","Graphics visibility tracking"],"fullName":"MeleeWeapon Phase 3 Critical: Rendering Validation Graphics visibility tracking should create graphics object that is initially invisible","status":"passed","title":"should create graphics object that is initially invisible","duration":0.7194200000003548,"failureMessages":[],"meta":{}},{"ancestorTitles":["MeleeWeapon","Phase 3 Critical: Rendering Validation","Graphics visibility tracking"],"fullName":"MeleeWeapon Phase 3 Critical: Rendering Validation Graphics visibility tracking should make graphics visible during swing","status":"passed","title":"should make graphics visible during swing","duration":0.5901659999999538,"failureMessages":[],"meta":{}},{"ancestorTitles":["MeleeWeapon","Phase 3 Critical: Rendering Validation","Graphics visibility tracking"],"fullName":"MeleeWeapon Phase 3 Critical: Rendering Validation Graphics visibility tracking should hide graphics after swing completes","status":"passed","title":"should hide graphics after swing completes","duration":1.689444000000094,"failureMessages":[],"meta":{}},{"ancestorTitles":["MeleeWeapon","Phase 3 Critical: Rendering Validation","Graphics visibility tracking"],"fullName":"MeleeWeapon Phase 3 Critical: Rendering Validation Graphics visibility tracking should set graphics depth to 100 (render above players)","status":"passed","title":"should set graphics depth to 100 (render above players)","duration":0.7976380000000063,"failureMessages":[],"meta":{}},{"ancestorTitles":["MeleeWeapon","Phase 3 Critical: Rendering Validation","Bat rendering validation"],"fullName":"MeleeWeapon Phase 3 Critical: Rendering Validation Bat rendering validation should call graphics.arc() when rendering Bat swing","status":"passed","title":"should call graphics.arc() when rendering Bat swing","duration":0.7901939999997012,"failureMessages":[],"meta":{}},{"ancestorTitles":["MeleeWeapon","Phase 3 Critical: Rendering Validation","Bat rendering validation"],"fullName":"MeleeWeapon Phase 3 Critical: Rendering Validation Bat rendering validation should use brown color (0x8B4513) for Bat","status":"passed","title":"should use brown color (0x8B4513) for Bat","duration":3.953295000000253,"failureMessages":[],"meta":{}},{"ancestorTitles":["MeleeWeapon","Phase 3 Critical: Rendering Validation","Bat rendering validation"],"fullName":"MeleeWeapon Phase 3 Critical: Rendering Validation Bat rendering validation should render 90-degree arc at correct position","status":"passed","title":"should render 90-degree arc at correct position","duration":3.7178289999997105,"failureMessages":[],"meta":{}},{"ancestorTitles":["MeleeWeapon","Phase 3 Critical: Rendering Validation","Bat rendering validation"],"fullName":"MeleeWeapon Phase 3 Critical: Rendering Validation Bat rendering validation should render both stroke and fill","status":"passed","title":"should render both stroke and fill","duration":1.301050000000032,"failureMessages":[],"meta":{}},{"ancestorTitles":["MeleeWeapon","Phase 3 Critical: Rendering Validation","Bat rendering validation"],"fullName":"MeleeWeapon Phase 3 Critical: Rendering Validation Bat rendering validation should clear graphics before each frame","status":"passed","title":"should clear graphics before each frame","duration":0.7970969999996669,"failureMessages":[],"meta":{}},{"ancestorTitles":["MeleeWeapon","Phase 3 Critical: Rendering Validation","Katana rendering validation"],"fullName":"MeleeWeapon Phase 3 Critical: Rendering Validation Katana rendering validation should call graphics.arc() when rendering Katana swing","status":"passed","title":"should call graphics.arc() when rendering Katana swing","duration":0.85450499999979,"failureMessages":[],"meta":{}},{"ancestorTitles":["MeleeWeapon","Phase 3 Critical: Rendering Validation","Katana rendering validation"],"fullName":"MeleeWeapon Phase 3 Critical: Rendering Validation Katana rendering validation should use silver color (0xC0C0C0) for Katana","status":"passed","title":"should use silver color (0xC0C0C0) for Katana","duration":1.121270000000095,"failureMessages":[],"meta":{}},{"ancestorTitles":["MeleeWeapon","Phase 3 Critical: Rendering Validation","Katana rendering validation"],"fullName":"MeleeWeapon Phase 3 Critical: Rendering Validation Katana rendering validation should render 90-degree arc with longer range (80px)","status":"passed","title":"should render 90-degree arc with longer range (80px)","duration":1.4835250000000997,"failureMessages":[],"meta":{}},{"ancestorTitles":["MeleeWeapon","Phase 3 Critical: Rendering Validation","Graphics destruction validation"],"fullName":"MeleeWeapon Phase 3 Critical: Rendering Validation Graphics destruction validation should mark graphics as destroyed when weapon is destroyed","status":"passed","title":"should mark graphics as destroyed when weapon is destroyed","duration":0.7671700000000783,"failureMessages":[],"meta":{}},{"ancestorTitles":["MeleeWeapon","Phase 3 Critical: Rendering Validation","Graphics destruction validation"],"fullName":"MeleeWeapon Phase 3 Critical: Rendering Validation Graphics destruction validation should not error if graphics is null during destroy","status":"passed","title":"should not error if graphics is null during destroy","duration":0.8000119999996969,"failureMessages":[],"meta":{}}],"startTime":1769838161502,"endTime":1769838161560.8,"status":"passed","message":"","name":"/home/mtomcal/code/stick-rumble-worktrees/stick-rumble-gxw/stick-rumble-client/src/game/entities/MeleeWeapon.test.ts"},{"assertionResults":[{"ancestorTitles":["MeleeWeaponManager","Weapon creation"],"fullName":"MeleeWeaponManager Weapon creation should create Bat weapon for player on pickup","status":"passed","title":"should create Bat weapon for player on pickup","duration":8.91244000000006,"failureMessages":[],"meta":{}},{"ancestorTitles":["MeleeWeaponManager","Weapon creation"],"fullName":"MeleeWeaponManager Weapon creation should create Katana weapon for player on pickup","status":"passed","title":"should create Katana weapon for player on pickup","duration":5.515248000000156,"failureMessages":[],"meta":{}},{"ancestorTitles":["MeleeWeaponManager","Weapon creation"],"fullName":"MeleeWeaponManager Weapon creation should not create weapon for non-melee weapon types","status":"passed","title":"should not create weapon for non-melee weapon types","duration":0.8122859999998582,"failureMessages":[],"meta":{}},{"ancestorTitles":["MeleeWeaponManager","Weapon creation"],"fullName":"MeleeWeaponManager Weapon creation should create weapon with lowercase weapon type (server format)","status":"passed","title":"should create weapon with lowercase weapon type (server format)","duration":1.0638410000001386,"failureMessages":[],"meta":{}},{"ancestorTitles":["MeleeWeaponManager","Weapon creation"],"fullName":"MeleeWeaponManager Weapon creation should handle mixed case weapon types","status":"passed","title":"should handle mixed case weapon types","duration":0.8227159999996729,"failureMessages":[],"meta":{}},{"ancestorTitles":["MeleeWeaponManager","Weapon creation"],"fullName":"MeleeWeaponManager Weapon creation should replace existing weapon when player picks up new one","status":"passed","title":"should replace existing weapon when player picks up new one","duration":5.1719889999999396,"failureMessages":[],"meta":{}},{"ancestorTitles":["MeleeWeaponManager","Weapon creation"],"fullName":"MeleeWeaponManager Weapon creation should destroy old weapon when replacing","status":"passed","title":"should destroy old weapon when replacing","duration":1.5038030000000617,"failureMessages":[],"meta":{}},{"ancestorTitles":["MeleeWeaponManager","Swing animation"],"fullName":"MeleeWeaponManager Swing animation should trigger swing animation on melee attack","status":"passed","title":"should trigger swing animation on melee attack","duration":1.162127000000055,"failureMessages":[],"meta":{}},{"ancestorTitles":["MeleeWeaponManager","Swing animation"],"fullName":"MeleeWeaponManager Swing animation should not trigger swing if player has no melee weapon","status":"passed","title":"should not trigger swing if player has no melee weapon","duration":0.8337970000002315,"failureMessages":[],"meta":{}},{"ancestorTitles":["MeleeWeaponManager","Swing animation"],"fullName":"MeleeWeaponManager Swing animation should prevent double swing during animation","status":"passed","title":"should prevent double swing during animation","duration":0.7901440000000548,"failureMessages":[],"meta":{}},{"ancestorTitles":["MeleeWeaponManager","Position updates"],"fullName":"MeleeWeaponManager Position updates should update weapon position to follow player","status":"passed","title":"should update weapon position to follow player","duration":5.709945999999945,"failureMessages":[],"meta":{}},{"ancestorTitles":["MeleeWeaponManager","Position updates"],"fullName":"MeleeWeaponManager Position updates should handle position updates for non-existent weapons gracefully","status":"passed","title":"should handle position updates for non-existent weapons gracefully","duration":0.931782000000112,"failureMessages":[],"meta":{}},{"ancestorTitles":["MeleeWeaponManager","Update loop"],"fullName":"MeleeWeaponManager Update loop should update all active weapon animations","status":"passed","title":"should update all active weapon animations","duration":1.292754000000059,"failureMessages":[],"meta":{}},{"ancestorTitles":["MeleeWeaponManager","Update loop"],"fullName":"MeleeWeaponManager Update loop should handle swing completion","status":"passed","title":"should handle swing completion","duration":0.8720690000000104,"failureMessages":[],"meta":{}},{"ancestorTitles":["MeleeWeaponManager","Cleanup"],"fullName":"MeleeWeaponManager Cleanup should destroy all weapons on manager destroy","status":"passed","title":"should destroy all weapons on manager destroy","duration":0.8591850000002523,"failureMessages":[],"meta":{}},{"ancestorTitles":["MeleeWeaponManager","Cleanup"],"fullName":"MeleeWeaponManager Cleanup should clear all weapons from tracking","status":"passed","title":"should clear all weapons from tracking","duration":0.6587049999998271,"failureMessages":[],"meta":{}},{"ancestorTitles":["MeleeWeaponManager","Removal"],"fullName":"MeleeWeaponManager Removal should remove specific player weapon","status":"passed","title":"should remove specific player weapon","duration":0.6196520000003147,"failureMessages":[],"meta":{}},{"ancestorTitles":["MeleeWeaponManager","Removal"],"fullName":"MeleeWeaponManager Removal should destroy weapon graphics on removal","status":"passed","title":"should destroy weapon graphics on removal","duration":0.6552890000002662,"failureMessages":[],"meta":{}},{"ancestorTitles":["MeleeWeaponManager","Removal"],"fullName":"MeleeWeaponManager Removal should handle removing non-existent weapon gracefully","status":"passed","title":"should handle removing non-existent weapon gracefully","duration":0.9210619999998926,"failureMessages":[],"meta":{}}],"startTime":1769838162709,"endTime":1769838162753.9211,"status":"passed","message":"","name":"/home/mtomcal/code/stick-rumble-worktrees/stick-rumble-gxw/stick-rumble-client/src/game/entities/MeleeWeaponManager.test.ts"},{"assertionResults":[{"ancestorTitles":["PlayerManager - Sprite Rendering","sprite creation"],"fullName":"PlayerManager - Sprite Rendering sprite creation should create sprite instead of rectangle for new player","status":"skipped","title":"should create sprite instead of rectangle for new player","failureMessages":[],"meta":{}},{"ancestorTitles":["PlayerManager - Sprite Rendering","sprite creation"],"fullName":"PlayerManager - Sprite Rendering sprite creation should create sprite for local player","status":"skipped","title":"should create sprite for local player","failureMessages":[],"meta":{}},{"ancestorTitles":["PlayerManager - Sprite Rendering","animation state machine"],"fullName":"PlayerManager - Sprite Rendering animation state machine should play walk animation when player is moving","status":"skipped","title":"should play walk animation when player is moving","failureMessages":[],"meta":{}},{"ancestorTitles":["PlayerManager - Sprite Rendering","animation state machine"],"fullName":"PlayerManager - Sprite Rendering animation state machine should not restart animation if already playing","status":"skipped","title":"should not restart animation if already playing","failureMessages":[],"meta":{}},{"ancestorTitles":["PlayerManager - Sprite Rendering","animation state machine"],"fullName":"PlayerManager - Sprite Rendering animation state machine should use idle pose when velocity is zero","status":"skipped","title":"should use idle pose when velocity is zero","failureMessages":[],"meta":{}},{"ancestorTitles":["PlayerManager - Sprite Rendering","animation state machine"],"fullName":"PlayerManager - Sprite Rendering animation state machine should detect movement with small velocity threshold","status":"skipped","title":"should detect movement with small velocity threshold","failureMessages":[],"meta":{}},{"ancestorTitles":["PlayerManager - Sprite Rendering","dodge roll animation"],"fullName":"PlayerManager - Sprite Rendering dodge roll animation should apply rotation during dodge roll","status":"skipped","title":"should apply rotation during dodge roll","failureMessages":[],"meta":{}},{"ancestorTitles":["PlayerManager - Sprite Rendering","dodge roll animation"],"fullName":"PlayerManager - Sprite Rendering dodge roll animation should set transparency during dodge roll","status":"skipped","title":"should set transparency during dodge roll","failureMessages":[],"meta":{}},{"ancestorTitles":["PlayerManager - Sprite Rendering","dodge roll animation"],"fullName":"PlayerManager - Sprite Rendering dodge roll animation should reset rotation after dodge roll ends","status":"skipped","title":"should reset rotation after dodge roll ends","failureMessages":[],"meta":{}},{"ancestorTitles":["PlayerManager - Sprite Rendering","dodge roll animation"],"fullName":"PlayerManager - Sprite Rendering dodge roll animation should reset alpha after dodge roll ends","status":"skipped","title":"should reset alpha after dodge roll ends","failureMessages":[],"meta":{}},{"ancestorTitles":["PlayerManager - Sprite Rendering","death animation"],"fullName":"PlayerManager - Sprite Rendering death animation should apply gray tint when player is dead","status":"skipped","title":"should apply gray tint when player is dead","failureMessages":[],"meta":{}},{"ancestorTitles":["PlayerManager - Sprite Rendering","death animation"],"fullName":"PlayerManager - Sprite Rendering death animation should clear tint when player respawns","status":"skipped","title":"should clear tint when player respawns","failureMessages":[],"meta":{}},{"ancestorTitles":["PlayerManager - Sprite Rendering","sprite positioning"],"fullName":"PlayerManager - Sprite Rendering sprite positioning should update sprite position when player moves","status":"skipped","title":"should update sprite position when player moves","failureMessages":[],"meta":{}}],"startTime":1769838150947,"endTime":1769838150947,"status":"passed","message":"","name":"/home/mtomcal/code/stick-rumble-worktrees/stick-rumble-gxw/stick-rumble-client/src/game/entities/PlayerManager.sprites.test.ts"},{"assertionResults":[{"ancestorTitles":["PlayerManager","constructor"],"fullName":"PlayerManager constructor should initialize without errors","status":"passed","title":"should initialize without errors","duration":5.077470000000176,"failureMessages":[],"meta":{}},{"ancestorTitles":["PlayerManager","constructor"],"fullName":"PlayerManager constructor should use injected clock","status":"passed","title":"should use injected clock","duration":6.252050999999483,"failureMessages":[],"meta":{}},{"ancestorTitles":["PlayerManager","constructor"],"fullName":"PlayerManager constructor should advance clock time when clock.advance() is called","status":"passed","title":"should advance clock time when clock.advance() is called","duration":0.6689249999999447,"failureMessages":[],"meta":{}},{"ancestorTitles":["PlayerManager","setLocalPlayerId"],"fullName":"PlayerManager setLocalPlayerId should set the local player ID","status":"passed","title":"should set the local player ID","duration":0.7673509999995076,"failureMessages":[],"meta":{}},{"ancestorTitles":["PlayerManager","updatePlayers"],"fullName":"PlayerManager updatePlayers should handle invalid scene gracefully","status":"passed","title":"should handle invalid scene gracefully","duration":10.04047300000002,"failureMessages":[],"meta":{}},{"ancestorTitles":["PlayerManager","updatePlayers"],"fullName":"PlayerManager updatePlayers should create player graphics for new players","status":"passed","title":"shoul
[...]
umn":69},"end":{"line":309,"column":null}},"line":277}},"branchMap":{"0":{"loc":{"start":{"line":61,"column":2},"end":{"line":63,"column":null}},"type":"if","locations":[{"start":{"line":61,"column":2},"end":{"line":63,"column":null}},{"start":{},"end":{}}],"line":61},"1":{"loc":{"start":{"line":68,"column":4},"end":{"line":70,"column":null}},"type":"if","locations":[{"start":{"line":68,"column":4},"end":{"line":70,"column":null}},{"start":{},"end":{}}],"line":68},"2":{"loc":{"start":{"line":86,"column":2},"end":{"line":89,"column":null}},"type":"if","locations":[{"start":{"line":86,"column":2},"end":{"line":89,"column":null}},{"start":{},"end":{}}],"line":86},"3":{"loc":{"start":{"line":88,"column":11},"end":{"line":88,"column":null}},"type":"binary-expr","locations":[{"start":{"line":88,"column":11},"end":{"line":88,"column":54}},{"start":{"line":88,"column":54},"end":{"line":88,"column":null}}],"line":88},"4":{"loc":{"start":{"line":90,"column":9},"end":{"line":90,"column":null}},"type":"binary-expr","locations":[{"start":{"line":90,"column":9},"end":{"line":90,"column":38}},{"start":{"line":90,"column":38},"end":{"line":90,"column":null}}],"line":90},"5":{"loc":{"start":{"line":97,"column":2},"end":{"line":99,"column":null}},"type":"if","locations":[{"start":{"line":97,"column":2},"end":{"line":99,"column":null}},{"start":{},"end":{}}],"line":97},"6":{"loc":{"start":{"line":98,"column":11},"end":{"line":98,"column":null}},"type":"binary-expr","locations":[{"start":{"line":98,"column":11},"end":{"line":98,"column":54}},{"start":{"line":98,"column":54},"end":{"line":98,"column":null}}],"line":98},"7":{"loc":{"start":{"line":100,"column":9},"end":{"line":100,"column":null}},"type":"binary-expr","locations":[{"start":{"line":100,"column":9},"end":{"line":100,"column":38}},{"start":{"line":100,"column":38},"end":{"line":100,"column":null}}],"line":100},"8":{"loc":{"start":{"line":280,"column":2},"end":{"line":282,"column":null}},"type":"if","locations":[{"start":{"line":280,"column":2},"end":{"line":282,"column":null}},{"start":{},"end":{}}],"line":280},"9":{"loc":{"start":{"line":280,"column":6},"end":{"line":280,"column":49}},"type":"binary-expr","locations":[{"start":{"line":280,"column":6},"end":{"line":280,"column":22}},{"start":{"line":280,"column":22},"end":{"line":280,"column":49}}],"line":280},"10":{"loc":{"start":{"line":283,"column":2},"end":{"line":285,"column":null}},"type":"if","locations":[{"start":{"line":283,"column":2},"end":{"line":285,"column":null}},{"start":{},"end":{}}],"line":283},"11":{"loc":{"start":{"line":286,"column":2},"end":{"line":288,"column":null}},"type":"if","locations":[{"start":{"line":286,"column":2},"end":{"line":288,"column":null}},{"start":{},"end":{}}],"line":286},"12":{"loc":{"start":{"line":289,"column":2},"end":{"line":291,"column":null}},"type":"if","locations":[{"start":{"line":289,"column":2},"end":{"line":291,"column":null}},{"start":{},"end":{}}],"line":289},"13":{"loc":{"start":{"line":294,"column":2},"end":{"line":296,"column":null}},"type":"if","locations":[{"start":{"line":294,"column":2},"end":{"line":296,"column":null}},{"start":{},"end":{}}],"line":294},"14":{"loc":{"start":{"line":294,"column":6},"end":{"line":294,"column":62}},"type":"binary-expr","locations":[{"start":{"line":294,"column":6},"end":{"line":294,"column":33}},{"start":{"line":294,"column":33},"end":{"line":294,"column":62}}],"line":294},"15":{"loc":{"start":{"line":299,"column":2},"end":{"line":306,"column":null}},"type":"if","locations":[{"start":{"line":299,"column":2},"end":{"line":306,"column":null}},{"start":{},"end":{}}],"line":299},"16":{"loc":{"start":{"line":300,"column":4},"end":{"line":302,"column":null}},"type":"if","locations":[{"start":{"line":300,"column":4},"end":{"line":302,"column":null}},{"start":{},"end":{}}],"line":300},"17":{"loc":{"start":{"line":303,"column":4},"end":{"line":305,"column":null}},"type":"if","locations":[{"start":{"line":303,"column":4},"end":{"line":305,"column":null}},{"start":{},"end":{}}],"line":303}},"s":{"0":13,"1":5,"2":5,"3":1,"4":4,"5":4,"6":3,"7":1,"8":2,"9":2,"10":2,"11":2,"12":2,"13":2,"14":1,"15":1,"16":1,"17":0,"18":59,"19":53,"20":6,"21":56,"22":49,"23":49,"24":7,"25":7,"26":1,"27":7,"28":1,"29":7,"30":1,"31":7,"32":1,"33":7,"34":1,"35":7,"36":1,"37":1,"38":1,"39":1,"40":7},"f":{"0":5,"1":5,"2":1,"3":59,"4":56,"5":49,"6":7},"b":{"0":[1,4],"1":[1,2],"2":[1,0],"3":[1,0],"4":[0,0],"5":[53,6],"6":[53,7],"7":[6,0],"8":[1,6],"9":[7,6],"10":[1,6],"11":[1,6],"12":[1,6],"13":[1,6],"14":[7,7],"15":[1,6],"16":[1,0],"17":[1,0]},"meta":{"lastBranch":18,"lastFunction":7,"lastStatement":41,"seen":{"s:47:57:47:Infinity":0,"f:52:16:52:43":0,"s:53:2:53:Infinity":1,"f:60:22:60:81":1,"b:61:2:63:Infinity:undefined:undefined:undefined:undefined":0,"s:61:2:63:Infinity":2,"s:62:4:62:Infinity":3,"s:65:2:79:Infinity":4,"s:67:21:67:Infinity":5,"b:68:4:70:Infinity:undefined:undefined:undefined:undefined":1,"s:68:4:70:Infinity":6,"s:69:6:69:Infinity":7,"s:72:41:72:Infinity":8,"s:73:4:73:Infinity":9,"s:74:4:74:Infinity":10,"s:76:4:76:Infinity":11,"s:77:4:77:Infinity":12,"s:78:4:78:Infinity":13,"f:85:16:85:32":2,"b:86:2:89:Infinity:undefined:undefined:undefined:undefined":2,"s:86:2:89:Infinity":14,"s:87:4:87:Infinity":15,"s:88:4:88:Infinity":16,"b:88:11:88:54:88:54:88:Infinity":3,"s:90:2:90:Infinity":17,"b:90:9:90:38:90:38:90:Infinity":4,"f:96:16:96:36":3,"b:97:2:99:Infinity:undefined:undefined:undefined:undefined":5,"s:97:2:99:Infinity":18,"s:98:4:98:Infinity":19,"b:98:11:98:54:98:54:98:Infinity":6,"s:100:2:100:Infinity":20,"b:100:9:100:38:100:38:100:Infinity":7,"f:106:9:106:67":4,"s:107:2:262:Infinity":21,"f:268:16:268:30":5,"s:270:18:270:Infinity":22,"s:271:2:271:Infinity":23,"f:277:16:277:37":6,"s:278:27:278:Infinity":24,"b:280:2:282:Infinity:undefined:undefined:undefined:undefined":8,"s:280:2:282:Infinity":25,"b:280:6:280:22:280:22:280:49":9,"s:281:4:281:Infinity":26,"b:283:2:285:Infinity:undefined:undefined:undefined:undefined":10,"s:283:2:285:Infinity":27,"s:284:4:284:Infinity":28,"b:286:2:288:Infinity:undefined:undefined:undefined:undefined":11,"s:286:2:288:Infinity":29,"s:287:4:287:Infinity":30,"b:289:2:291:Infinity:undefined:undefined:undefined:undefined":12,"s:289:2:291:Infinity":31,"s:290:4:290:Infinity":32,"b:294:2:296:Infinity:undefined:undefined:undefined:undefined":13,"s:294:2:296:Infinity":33,"b:294:6:294:33:294:33:294:62":14,"s:295:4:295:Infinity":34,"b:299:2:306:Infinity:undefined:undefined:undefined:undefined":15,"s:299:2:306:Infinity":35,"b:300:4:302:Infinity:undefined:undefined:undefined:undefined":16,"s:300:4:302:Infinity":36,"s:301:6:301:Infinity":37,"b:303:4:305:Infinity:undefined:undefined:undefined:undefined":17,"s:303:4:305:Infinity":38,"s:304:6:304:Infinity":39,"s:308:2:308:Infinity":40}}},"/home/mtomcal/code/stick-rumble-worktrees/stick-rumble-gxw/stick-rumble-client/src/ui/match/MatchEndScreen.tsx":{"path":"/home/mtomcal/code/stick-rumble-worktrees/stick-rumble-gxw/stick-rumble-client/src/ui/match/MatchEndScreen.tsx","statementMap":{"0":{"start":{"line":14,"column":32},"end":{"line":14,"column":null}},"1":{"start":{"line":15,"column":8},"end":{"line":15,"column":null}},"2":{"start":{"line":18,"column":24},"end":{"line":23,"column":null}},"3":{"start":{"line":19,"column":4},"end":{"line":21,"column":null}},"4":{"start":{"line":20,"column":6},"end":{"line":20,"column":null}},"5":{"start":{"line":22,"column":4},"end":{"line":22,"column":null}},"6":{"start":{"line":26,"column":22},"end":{"line":26,"column":null}},"7":{"start":{"line":26,"column":54},"end":{"line":26,"column":82}},"8":{"start":{"line":27,"column":26},"end":{"line":27,"column":null}},"9":{"start":{"line":27,"column":55},"end":{"line":27,"column":83}},"10":{"start":{"line":28,"column":19},"end":{"line":28,"column":null}},"11":{"start":{"line":29,"column":21},"end":{"line":29,"column":null}},"12":{"start":{"line":32,"column":27},"end":{"line":32,"column":null}},"13":{"start":{"line":33,"column":8},"end":{"line":33,"column":null}},"14":{"start":{"line":36,"column":2},"end":{"line":45,"column":null}},"15":{"start":{"line":37,"column":26},"end":{"line":41,"column":null}},"16":{"start":{"line":38,"column":6},"end":{"line":40,"column":null}},"17":{"start":{"line":39,"column":8},"end":{"line":39,"column":null}},"18":{"start":{"line":43,"column":4},"end":{"line":43,"column":null}},"19":{"start":{"line":44,"column":4},"end":{"line":44,"column":null}},"20":{"start":{"line":44,"column":17},"end":{"line":44,"column":null}},"21":{"start":{"line":48,"column":2},"end":{"line":58,"column":null}},"22":{"start":{"line":49,"column":4},"end":{"line":51,"column":null}},"23":{"start":{"line":50,"column":6},"end":{"line":50,"column":null}},"24":{"start":{"line":53,"column":18},"end":{"line":55,"column":null}},"25":{"start":{"line":54,"column":6},"end":{"line":54,"column":null}},"26":{"start":{"line":54,"column":27},"end":{"line":54,"column":48}},"27":{"start":{"line":57,"column":4},"end":{"line":57,"column":null}},"28":{"start":{"line":57,"column":17},"end":{"line":57,"column":null}},"29":{"start":{"line":61,"column":2},"end":{"line":66,"column":null}},"30":{"start":{"line":62,"column":4},"end":{"line":65,"column":null}},"31":{"start":{"line":63,"column":6},"end":{"line":63,"column":null}},"32":{"start":{"line":64,"column":6},"end":{"line":64,"column":null}},"33":{"start":{"line":68,"column":30},"end":{"line":72,"column":null}},"34":{"start":{"line":69,"column":4},"end":{"line":71,"column":null}},"35":{"start":{"line":70,"column":6},"end":{"line":70,"column":null}},"36":{"start":{"line":74,"column":26},"end":{"line":76,"column":null}},"37":{"start":{"line":75,"column":4},"end":{"line":75,"column":null}},"38":{"start":{"line":78,"column":24},"end":{"line":96,"column":null}},"39":{"start":{"line":79,"column":4},"end":{"line":81,"column":null}},"40":{"start":{"line":80,"column":6},"end":{"line":80,"column":null}},"41":{"start":{"line":83,"column":4},"end":{"line":89,"column":null}},"42":{"start":{"line":84,"column":6},"end":{"line":87,"column":null}},"43":{"start":{"line":91,"column":4},"end":{"line":94,"column":null}},"44":{"start":{"line":98,"column":2},"end":{"line":183,"column":null}},"45":{"start":{"line":104,"column":24},"end":{"line":104,"column":null}},"46":{"start":{"line":131,"column":18},"end":{"line":139,"column":null}}},"fnMap":{"0":{"name":"MatchEndScreen","decl":{"start":{"line":13,"column":16},"end":{"line":13,"column":31}},"loc":{"start":{"line":13,"column":104},"end":{"line":185,"column":null}},"line":13},"1":{"name":"(anonymous_1)","decl":{"start":{"line":18,"column":56},"end":{"line":18,"column":57}},"loc":{"start":{"line":18,"column":66},"end":{"line":23,"column":3}},"line":18},"2":{"name":"(anonymous_2)","decl":{"start":{"line":26,"column":49},"end":{"line":26,"column":54}},"loc":{"start":{"line":26,"column":54},"end":{"line":26,"column":82}},"line":26},"3":{"name":"(anonymous_3)","decl":{"start":{"line":27,"column":50},"end":{"line":27,"column":55}},"loc":{"start":{"line":27,"column":55},"end":{"line":27,"column":83}},"line":27},"4":{"name":"(anonymous_4)","decl":{"start":{"line":36,"column":12},"end":{"line":36,"column":18}},"loc":{"start":{"line":36,"column":18},"end":{"line":45,"column":5}},"line":36},"5":{"name":"(anonymous_5)","decl":{"start":{"line":37,"column":26},"end":{"line":37,"column":27}},"loc":{"start":{"line":37,"column":48},"end":{"line":41,"column":null}},"line":37},"6":{"name":"(anonymous_6)","decl":{"start":{"line":44,"column":11},"end":{"line":44,"column":17}},"loc":{"start":{"line":44,"column":17},"end":{"line":44,"column":null}},"line":44},"7":{"name":"(anonymous_7)","decl":{"start":{"line":48,"column":12},"end":{"line":48,"column":18}},"loc":{"start":{"line":48,"column":18},"end":{"line":58,"column":5}},"line":48},"8":{"name":"(anonymous_8)","decl":{"start":{"line":53,"column":30},"end":{"line":53,"column":36}},"loc":{"start":{"line":53,"column":36},"end":{"line":55,"column":7}},"line":53},"9":{"name":"(anonymous_9)","decl":{"start":{"line":54,"column":19},"end":{"line":54,"column":27}},"loc":{"start":{"line":54,"column":27},"end":{"line":54,"column":48}},"line":54},"10":{"name":"(anonymous_10)","decl":{"start":{"line":57,"column":11},"end":{"line":57,"column":17}},"loc":{"start":{"line":57,"column":17},"end":{"line":57,"column":null}},"line":57},"11":{"name":"(anonymous_11)","decl":{"start":{"line":61,"column":12},"end":{"line":61,"column":18}},"loc":{"start":{"line":61,"column":18},"end":{"line":66,"column":5}},"line":61},"12":{"name":"(anonymous_12)","decl":{"start":{"line":68,"column":30},"end":{"line":68,"column":31}},"loc":{"start":{"line":68,"column":71},"end":{"line":72,"column":null}},"line":68},"13":{"name":"(anonymous_13)","decl":{"start":{"line":74,"column":26},"end":{"line":74,"column":32}},"loc":{"start":{"line":74,"column":32},"end":{"line":76,"column":null}},"line":74},"14":{"name":"(anonymous_14)","decl":{"start":{"line":78,"column":24},"end":{"line":78,"column":30}},"loc":{"start":{"line":78,"column":30},"end":{"line":96,"column":null}},"line":78},"15":{"name":"(anonymous_15)","decl":{"start":{"line":104,"column":17},"end":{"line":104,"column":18}},"loc":{"start":{"line":104,"column":24},"end":{"line":104,"column":null}},"line":104},"16":{"name":"(anonymous_16)","decl":{"start":{"line":130,"column":35},"end":{"line":130,"column":36}},"loc":{"start":{"line":131,"column":18},"end":{"line":139,"column":null}},"line":131}},"branchMap":{"0":{"loc":{"start":{"line":19,"column":4},"end":{"line":21,"column":null}},"type":"if","locations":[{"start":{"line":19,"column":4},"end":{"line":21,"column":null}},{"start":{},"end":{}}],"line":19},"1":{"loc":{"start":{"line":29,"column":21},"end":{"line":29,"column":null}},"type":"binary-expr","locations":[{"start":{"line":29,"column":21},"end":{"line":29,"column":44}},{"start":{"line":29,"column":44},"end":{"line":29,"column":null}}],"line":29},"2":{"loc":{"start":{"line":32,"column":27},"end":{"line":32,"column":null}},"type":"binary-expr","locations":[{"start":{"line":32,"column":27},"end":{"line":32,"column":49}},{"start":{"line":32,"column":49},"end":{"line":32,"column":null}}],"line":32},"3":{"loc":{"start":{"line":38,"column":6},"end":{"line":40,"column":null}},"type":"if","locations":[{"start":{"line":38,"column":6},"end":{"line":40,"column":null}},{"start":{},"end":{}}],"line":38},"4":{"loc":{"start":{"line":49,"column":4},"end":{"line":51,"column":null}},"type":"if","locations":[{"start":{"line":49,"column":4},"end":{"line":51,"column":null}},{"start":{},"end":{}}],"line":49},"5":{"loc":{"start":{"line":62,"column":4},"end":{"line":65,"column":null}},"type":"if","locations":[{"start":{"line":62,"column":4},"end":{"line":65,"column":null}},{"start":{},"end":{}}],"line":62},"6":{"loc":{"start":{"line":62,"column":8},"end":{"line":62,"column":59}},"type":"binary-expr","locations":[{"start":{"line":62,"column":8},"end":{"line":62,"column":27}},{"start":{"line":62,"column":27},"end":{"line":62,"column":59}}],"line":62},"7":{"loc":{"start":{"line":69,"column":4},"end":{"line":71,"column":null}},"type":"if","locations":[{"start":{"line":69,"column":4},"end":{"line":71,"column":null}},{"start":{},"end":{}}],"line":69},"8":{"loc":{"start":{"line":79,"column":4},"end":{"line":81,"column":null}},"type":"if","locations":[{"start":{"line":79,"column":4},"end":{"line":81,"column":null}},{"start":{},"end":{}}],"line":79},"9":{"loc":{"start":{"line":83,"column":4},"end":{"line":89,"column":null}},"type":"if","locations":[{"start":{"line":83,"column":4},"end":{"line":89,"column":null}},{"start":{},"end":{}}],"line":83},"10":{"loc":{"start":{"line":133,"column":31},"end":{"line":133,"column":null}},"type":"cond-expr","locations":[{"start":{"line":133,"column":67},"end":{"line":133,"column":84}},{"start":{"line":133,"column":84},"end":{"line":133,"column":null}}],"line":133}},"s":{"0":34,"1":34,"2":34,"3":67,"4":66,"5":1,"6":34,"7":68,"8":34,"9":67,"10":34,"11":34,"12":34,"13":34,"14":34,"15":28,"16":1,"17":1,"18":28,"19":28,"20":28,"21":34,"22":34,"23":3,"24":31,"25":37,"26":37,"27":31,"28":31,"29":34,"30":34,"31":3,"32":3,"33":34,"34":1,"35":1,"36":34,"37":1,"38":34,"39":34,"40":1,"41":33,"42":32,"43":1,"44":34,"45":3,"46":100},"f":{"0":34,"1":67,"2":68,"3":67,"4":28,"5":1,"6":28,"7":34,"8":37,"9":37,"10":31,"11":34,"12":1,"13":1,"14":34,"15":3,"16":100},"b":{"0":[66,1],"1":[34,33],"2":[34,1],"3":[1,0],"4":[3,31],"5":[3,31],"6":[34,3],"7":[1,0],"8":[1,33],"9":[32,1],"10":[33,67]},"meta":{"lastBranch":11,"lastFunction":17,"lastStatement":47,"seen":{"f:13:16:13:31":0,"s:14:32:14:Infinity":0,"s:15:8:15:Infinity":1,"s:18:24:23:Infinity":2,"f:18:56:18:57":1,"b:19:4:21:Infinity:undefined:undefined:undefined:undefined":0,"s:19:4:21:Infinity":3,"s:20:6:20:Infinity":4,"s:22:4:22:Infinity":5,"s:26:22:26:Infinity":6,"f:26:49:26:54":2,"s:26:54:26:82":7,"s:27:26:27:Infinity":8,"f:27:50:27:55":3,"s:27:55:27:83":9,"s:28:19:28:Infinity":10,"s:29:21:29:Infinity":11,"b:29:21:29:44:29:44:29:Infinity":1,"s:32:27:32:Infinity":12,"b:32:27:32:49:32:49:32:Infinity":2,"s:33:8:33:Infinity":13,"s:36:2:45:Infinity":14,"f:36:12:36:18":4,"s:37:26:41:Infinity":15,"f:37:26:37:27":5,"b:38:6:40:Infinity:undefined:undefined:undefined:undefined":3,"s:38:6:40:Infinity":16,"s:39:8:39:Infinity":17,"s:43:4:43:Infinity":18,"s:44:4:44:Infinity":19,"f:44:11:44:17":6,"s:44:17:44:Infinity":20,"s:48:2:58:Infinity":21,"f:48:12:48:18":7,"b:49:4:51:Infinity:undefined:undefined:undefined:undefined":4,"s:49:4:51:Infinity":22,"s:50:6:50:Infinity":23,"s:53:18:55:Infinity":24,"f:53:30:53:36":8,"s:54:6:54:Infinity":25,"f:54:19:54:27":9,"s:54:27:54:48":26,"s:57:4:57:Infinity":27,"f:57:11:57:17":10,"s:57:17:57:Infinity":28,"s:61:2:66:Infinity":29,"f:61:12:61:18":11,"b:62:4:65:Infinity:undefined:undefined:undefined:undefined":5,"s:62:4:65:Infinity":30,"b:62:8:62:27:62:27:62:59":6,"s:63:6:63:Infinity":31,"s:64:6:64:Infinity":32,"s:68:30:72:Infinity":33,"f:68:30:68:31":12,"b:69:4:71:Infinity:undefined:undefined:undefined:undefined":7,"s:69:4:71:Infinity":34,"s:70:6:70:Infinity":35,"s:74:26:76:Infinity":36,"f:74:26:74:32":13,"s:75:4:75:Infinity":37,"s:78:24:96:Infinity":38,"f:78:24:78:30":14,"b:79:4:81:Infinity:undefined:undefined:undefined:undefined":8,"s:79:4:81:Infinity":39,"s:80:6:80:Infinity":40,"b:83:4:89:Infinity:undefined:undefined:undefined:undefined":9,"s:83:4:89:Infinity":41,"s:84:6:87:Infinity":42,"s:91:4:94:Infinity":43,"s:98:2:183:Infinity":44,"f:104:17:104:18":15,"s:104:24:104:Infinity":45,"f:130:35:130:36":16,"s:131:18:139:Infinity":46,"b:133:67:133:84:133:84:133:Infinity":10}}},"/home/mtomcal/code/stick-rumble-worktrees/stick-rumble-gxw/stick-rumble-client/src/game/simulation/types.ts":{"path":"/home/mtomcal/code/stick-rumble-worktrees/stick-rumble-gxw/stick-rumble-client/src/game/simulation/types.ts","statementMap":{},"fnMap":{},"branchMap":{},"s":{},"f":{},"b":{},"meta":{"lastBranch":0,"lastFunction":0,"lastStatement":0,"seen":{}}},"/home/mtomcal/code/stick-rumble-worktrees/stick-rumble-gxw/stick-rumble-client/src/shared/types.ts":{"path":"/home/mtomcal/code/stick-rumble-worktrees/stick-rumble-gxw/stick-rumble-client/src/shared/types.ts","statementMap":{},"fnMap":{},"branchMap":{},"s":{},"f":{},"b":{},"meta":{"lastBranch":0,"lastFunction":0,"lastStatement":0,"seen":{}}},"/home/mtomcal/code/stick-rumble-worktrees/stick-rumble-gxw/stick-rumble-client/src/game/simulation/index.ts":{"path":"/home/mtomcal/code/stick-rumble-worktrees/stick-rumble-gxw/stick-rumble-client/src/game/simulation/index.ts","statementMap":{},"fnMap":{},"branchMap":{},"s":{},"f":{},"b":{},"meta":{"lastBranch":0,"lastFunction":0,"lastStatement":0,"seen":{}}},"/home/mtomcal/code/stick-rumble-worktrees/stick-rumble-gxw/stick-rumble-client/src/global.d.ts":{"path":"/home/mtomcal/code/stick-rumble-worktrees/stick-rumble-gxw/stick-rumble-client/src/global.d.ts","statementMap":{},"fnMap":{},"branchMap":{},"s":{},"f":{},"b":{},"meta":{"lastBranch":0,"lastFunction":0,"lastStatement":0,"seen":{}}}}}